163
Executing Vehicle UP65JT4679
{"partnerUUID":"fc3e262a-0a65-4ce1-89b5-90927f1bbea1","actions":[{"actionName":"chassisNumber","payload":{"chassisNumber":"MB1A3CHD6KPCK6036"}},{"actionName":"vehicleManufacturer","payload":{"vehicleMake":"Ashokleyland"}},{"actionName":"cfs","payload":{"cfs":[{"fieldType":"text","fieldKey":"EngineNumber","value":"KCPZ128122","indexedValue":[],"valueType":"string","definitionId":null}]}}]}
Vehicle Updated Successfully
Executing Vehicle UP65LT9781
{"partnerUUID":"fad298e0-3a27-473d-bd7e-71ba36d00e21","actions":[{"actionName":"chassisNumber","payload":{"chassisNumber":"MAT843003P7B04291"}},{"actionName":"vehicleManufacturer","payload":{"vehicleMake":"TATA"}},{"actionName":"cfs","payload":{"cfs":[{"fieldType":"text","fieldKey":"EngineNumber","value":"3.3LNGD05BWX504568","indexedValue":[],"valueType":"string","definitionId":null}]}}]}
Vehicle Updated Successfully
Executing Vehicle UP65AT6691
{"partnerUUID":"f84ecdfd-f72f-4aeb-943d-ba0f8841da40","actions":[{"actionName":"chassisNumber","payload":{"chassisNumber":"MC233HRC0AE041916"}},{"actionName":"vehicleManufacturer","payload":{"vehicleMake":"Eicher"}},{"actionName":"cfs","payload":{"cfs":[{"fieldType":"text","fieldKey":"EngineNumber","value":"E483CDAE233708","indexedValue":[],"valueType":"string","definitionId":null}]}}]}
Vehicle Updated Successfully
Executing Vehicle UP63BT1270
{"partnerUUID":"f7d2745d-4d90-49da-8837-f14c3a24a894","actions":[{"actionName":"chassisNumber","payload":{"chassisNumber":"MB1A3GCD5NRKV9310"}},{"actionName":"vehicleManufacturer","payload":{"vehicleMake":"Ashokleyland"}},{"actionName":"cfs","payload":{"cfs":[{"fieldType":"text","fieldKey":"EngineNumber","value":"NKEZ404404","indexedValue":[],"valueType":"string","definitionId":null}]}}]}
Vehicle Updated Successfully
Executing Vehicle UP65KT0509
{"partnerUUID":"f7c813f8-49f9-477f-936b-089a3663735b","actions":[{"actionName":"chassisNumber","payload":{"chassisNumber":"MB1A3GCD3MRLK4900"}},{"actionName":"vehicleManufacturer","payload":{"vehicleMake":"Ashokleyland"}},{"actionName":"cfs","payload":{"cfs":[{"fieldType":"text","fieldKey":"EngineNumber","value":"MLEZ402247","indexedValue":[],"valueType":"string","definitionId":null}]}}]}
Vehicle Updated Successfully
Executing Vehicle UP65JT1079
{"partnerUUID":"f75d093e-bf57-438f-89b4-38667fae268b","actions":[{"actionName":"chassisNumber","payload":{"chassisNumber":"MB1A3GCDXKRDC7336"}},{"actionName":"vehicleManufacturer","payload":{"vehicleMake":"Ashokleyland"}},{"actionName":"cfs","payload":{"cfs":[{"fieldType":"text","fieldKey":"EngineNumber","value":"KEHZ403995","indexedValue":[],"valueType":"string","definitionId":null}]}}]}
Vehicle Updated Successfully
Executing Vehicle UP65LT9780
{"partnerUUID":"f4d2c86b-22b8-4e06-a807-0a534da2203a","actions":[{"actionName":"chassisNumber","payload":{"chassisNumber":"MAT843003P7B04294"}},{"actionName":"vehicleManufacturer","payload":{"vehicleMake":"TATA"}},{"actionName":"cfs","payload":{"cfs":[{"fieldType":"text","fieldKey":"EngineNumber","value":"3.3LNGD05BWX505725","indexedValue":[],"valueType":"string","definitionId":null}]}}]}
Vehicle Updated Successfully
Executing Vehicle UP63BT1281
{"partnerUUID":"f280912e-82fa-4fda-a841-c50c2a26a94f","actions":[{"actionName":"chassisNumber","payload":{"chassisNumber":"MB1A3GCD8NRKV9690"}},{"actionName":"vehicleManufacturer","payload":{"vehicleMake":"Ashokleyland"}},{"actionName":"cfs","payload":{"cfs":[{"fieldType":"text","fieldKey":"EngineNumber","value":"NKEZ404475","indexedValue":[],"valueType":"string","definitionId":null}]}}]}
Vehicle Updated Successfully
Executing Vehicle UP65JT1208
{"partnerUUID":"f0cc6ee6-4ff3-4cdb-a9aa-478f7f6a5d79","actions":[{"actionName":"chassisNumber","payload":{"chassisNumber":"MB1A3GCD6KRDC7611"}},{"actionName":"vehicleManufacturer","payload":{"vehicleMake":"Ashokleyland"}},{"actionName":"cfs","payload":{"cfs":[{"fieldType":"text","fieldKey":"EngineNumber","value":"KEEZ415594","indexedValue":[],"valueType":"string","definitionId":null}]}}]}
Vehicle Updated Successfully
Executing Vehicle UP65AT6702
{"partnerUUID":"ed7e283c-97b5-46c6-814c-0c9cf1fb3426","actions":[{"actionName":"chassisNumber","payload":{"chassisNumber":"MC233HRC0AE041912"}},{"actionName":"vehicleManufacturer","payload":{"vehicleMake":"Eicher"}},{"actionName":"cfs","payload":{"cfs":[{"fieldType":"text","fieldKey":"EngineNumber","value":"E483CDAE233731","indexedValue":[],"valueType":"string","definitionId":null}]}}]}
Vehicle Updated Successfully
Executing Vehicle UP63BT1283
{"partnerUUID":"ece2c391-968e-4ade-b69c-f995990ba5fb","actions":[{"actionName":"chassisNumber","payload":{"chassisNumber":"MB1A3GCD3NRKW0973"}},{"actionName":"vehicleManufacturer","payload":{"vehicleMake":"Ashokleyland"}},{"actionName":"cfs","payload":{"cfs":[{"fieldType":"text","fieldKey":"EngineNumber","value":"NKEZ404729","indexedValue":[],"valueType":"string","definitionId":null}]}}]}
Vehicle Updated Successfully
Executing Vehicle UP65MT0434
{"partnerUUID":"eb404685-63fa-4a12-b225-feb5bb91fc4d","actions":[{"actionName":"chassisNumber","payload":{"chassisNumber":"MAT843003P7C06331"}},{"actionName":"vehicleManufacturer","payload":{"vehicleMake":"TATA"}},{"actionName":"cfs","payload":{"cfs":[{"fieldType":"text","fieldKey":"EngineNumber","value":"3.3LNGD05CWX508409","indexedValue":[],"valueType":"string","definitionId":null}]}}]}
Vehicle Updated Successfully
Executing Vehicle UP65AT6699
{"partnerUUID":"e80160b2-5de3-46e9-ade1-b6097adf73f8","actions":[{"actionName":"chassisNumber","payload":{"chassisNumber":"MC233HRC0AE041984"}},{"actionName":"vehicleManufacturer","payload":{"vehicleMake":"Eicher"}},{"actionName":"cfs","payload":{"cfs":[{"fieldType":"text","fieldKey":"EngineNumber","value":"E483CDAE233999","indexedValue":[],"valueType":"string","definitionId":null}]}}]}
Vehicle Updated Successfully
Executing Vehicle UP63BT1275
{"partnerUUID":"e78a8019-494c-4abc-a80b-c411c5650c8e","actions":[{"actionName":"chassisNumber","payload":{"chassisNumber":"MB1A3GCD9NRKW0976"}},{"actionName":"vehicleManufacturer","payload":{"vehicleMake":"Ashokleyland"}},{"actionName":"cfs","payload":{"cfs":[{"fieldType":"text","fieldKey":"EngineNumber","value":"NKEZ404786","indexedValue":[],"valueType":"string","definitionId":null}]}}]}
Vehicle Updated Successfully
Executing Vehicle UP65GT3980
{"partnerUUID":"e5bb7295-7dbf-4fe9-aa28-e9124a170678","actions":[{"actionName":"chassisNumber","payload":{"chassisNumber":"MB1A2GCDXJREX2012"}},{"actionName":"vehicleManufacturer","payload":{"vehicleMake":"Ashokleyland"}},{"actionName":"cfs","payload":{"cfs":[{"fieldType":"text","fieldKey":"EngineNumber","value":"JEEZ412394","indexedValue":[],"valueType":"string","definitionId":null}]}}]}
Vehicle Updated Successfully
Executing Vehicle UP63BT1356
{"partnerUUID":"e53c3451-4f27-4f33-80e5-c382973253ef","actions":[{"actionName":"chassisNumber","payload":{"chassisNumber":"MB1A3GCD0NRKW1742"}},{"actionName":"vehicleManufacturer","payload":{"vehicleMake":"Ashokleyland"}},{"actionName":"cfs","payload":{"cfs":[{"fieldType":"text","fieldKey":"EngineNumber","value":"NKEZ404718","indexedValue":[],"valueType":"string","definitionId":null}]}}]}
Vehicle Updated Successfully
Executing Vehicle UP65LT9950
{"partnerUUID":"e2f5a18f-7321-4cce-a164-23d92fc1239d","actions":[{"actionName":"chassisNumber","payload":{"chassisNumber":"MAT843003P7B04198"}},{"actionName":"vehicleManufacturer","payload":{"vehicleMake":"TATA"}},{"actionName":"cfs","payload":{"cfs":[{"fieldType":"text","fieldKey":"EngineNumber","value":"3.3LNGD05BWX505656","indexedValue":[],"valueType":"string","definitionId":null}]}}]}
Vehicle Updated Successfully
Executing Vehicle UP66D9490
Catched Error While Getting Vehicles 500 - "<html><h3>Some server error</h3></html>"
Vahan Details not Found For UP66D9490
Executing Vehicle UP65MT0435
{"partnerUUID":"d83c817d-5543-4fdd-a58d-3effd7c5778a","actions":[{"actionName":"chassisNumber","payload":{"chassisNumber":"MAT843003P7C06281"}},{"actionName":"vehicleManufacturer","payload":{"vehicleMake":"TATA"}},{"actionName":"cfs","payload":{"cfs":[{"fieldType":"text","fieldKey":"EngineNumber","value":"3.3LNGD05CWX508384","indexedValue":[],"valueType":"string","definitionId":null}]}}]}
Vehicle Updated Successfully
Executing Vehicle TESTING2
Vahan Details not Found For TESTING2
Executing Vehicle UP65AT6692
{"partnerUUID":"d2a5a0fc-2363-402e-a0d3-b4d26c889eb8","actions":[{"actionName":"chassisNumber","payload":{"chassisNumber":"MC233HRC0A3041993"}},{"actionName":"vehicleManufacturer","payload":{"vehicleMake":"Eicher"}},{"actionName":"cfs","payload":{"cfs":[{"fieldType":"text","fieldKey":"EngineNumber","value":"E483CDAE233997","indexedValue":[],"valueType":"string","definitionId":null}]}}]}
Vehicle Updated Successfully
Executing Vehicle UP63BT1358
{"partnerUUID":"d0a819a6-f432-4d72-a258-fda8bd94c273","actions":[{"actionName":"chassisNumber","payload":{"chassisNumber":"MB1A3GCD7NRKV9308"}},{"actionName":"vehicleManufacturer","payload":{"vehicleMake":"Ashokleyland"}},{"actionName":"cfs","payload":{"cfs":[{"fieldType":"text","fieldKey":"EngineNumber","value":"NKEZ404456","indexedValue":[],"valueType":"string","definitionId":null}]}}]}
Vehicle Updated Successfully
Executing Vehicle UP65JT0872
{"partnerUUID":"cd4ce135-5c1c-4fbd-a239-05339c782221","actions":[{"actionName":"chassisNumber","payload":{"chassisNumber":"MB1A3GCD4KREC4113"}},{"actionName":"vehicleManufacturer","payload":{"vehicleMake":"Ashokleyland"}},{"actionName":"cfs","payload":{"cfs":[{"fieldType":"text","fieldKey":"EngineNumber","value":"KEHZ404004","indexedValue":[],"valueType":"string","definitionId":null}]}}]}
Vehicle Updated Successfully
Executing Vehicle UP65KT0691
{"partnerUUID":"caf5b933-12e2-4a6f-b05d-a038698b7e44","actions":[{"actionName":"chassisNumber","payload":{"chassisNumber":"MB1A3GCD3MRKK8457"}},{"actionName":"vehicleManufacturer","payload":{"vehicleMake":"Ashokleyland"}},{"actionName":"cfs","payload":{"cfs":[{"fieldType":"text","fieldKey":"EngineNumber","value":"MLEZ402092","indexedValue":[],"valueType":"string","definitionId":null}]}}]}
Vehicle Updated Successfully
Executing Vehicle UP65JT4678
{"partnerUUID":"cae74fe9-a6e6-4fd9-9903-26a878051b36","actions":[{"actionName":"chassisNumber","payload":{"chassisNumber":"MB1A3CHDXKPCK6041"}},{"actionName":"vehicleManufacturer","payload":{"vehicleMake":"Ashokleyland"}},{"actionName":"cfs","payload":{"cfs":[{"fieldType":"text","fieldKey":"EngineNumber","value":"KCPZ128794","indexedValue":[],"valueType":"string","definitionId":null}]}}]}
Vehicle Updated Successfully
Executing Vehicle UP65JT4550
{"partnerUUID":"c80c335d-d25d-4ea0-af58-10bef3e32d8c","actions":[{"actionName":"chassisNumber","payload":{"chassisNumber":"MB1A3GCD5KRDC7678"}},{"actionName":"vehicleManufacturer","payload":{"vehicleMake":"Ashokleyland"}},{"actionName":"cfs","payload":{"cfs":[{"fieldType":"text","fieldKey":"EngineNumber","value":"KDEZ204767","indexedValue":[],"valueType":"string","definitionId":null}]}}]}
Vehicle Updated Successfully
Executing Vehicle UP65MT0578
{"partnerUUID":"c6facd21-1747-4e6b-a0fe-25e63bbb09ff","actions":[{"actionName":"chassisNumber","payload":{"chassisNumber":"MAT843003P7C05742"}},{"actionName":"vehicleManufacturer","payload":{"vehicleMake":"TATA"}},{"actionName":"cfs","payload":{"cfs":[{"fieldType":"text","fieldKey":"EngineNumber","value":"3.3LNGD05BWX507354","indexedValue":[],"valueType":"string","definitionId":null}]}}]}
Vehicle Updated Successfully
Executing Vehicle UP65MT0328
{"partnerUUID":"c42b16f1-12ad-4487-a673-c0cb1810a484","actions":[{"actionName":"chassisNumber","payload":{"chassisNumber":"MAT843003P7C05716"}},{"actionName":"vehicleManufacturer","payload":{"vehicleMake":"TATA"}},{"actionName":"cfs","payload":{"cfs":[{"fieldType":"text","fieldKey":"EngineNumber","value":"3.3LNGD05BWX507582","indexedValue":[],"valueType":"string","definitionId":null}]}}]}
Vehicle Updated Successfully
Executing Vehicle UP65LT9779
{"partnerUUID":"c0ebadab-fb93-4a81-9b60-5cfb426cd607","actions":[{"actionName":"chassisNumber","payload":{"chassisNumber":"MAT843003P7B04293"}},{"actionName":"vehicleManufacturer","payload":{"vehicleMake":"TATA"}},{"actionName":"cfs","payload":{"cfs":[{"fieldType":"text","fieldKey":"EngineNumber","value":"3.3LNGD05BWX505631","indexedValue":[],"valueType":"string","definitionId":null}]}}]}
Vehicle Updated Successfully
Executing Vehicle UP63BT1279
{"partnerUUID":"c0b3b108-6986-4e3c-90b1-96b5e1057aea","actions":[{"actionName":"chassisNumber","payload":{"chassisNumber":"MB1A3GCD5NRKV8951"}},{"actionName":"vehicleManufacturer","payload":{"vehicleMake":"Ashokleyland"}},{"actionName":"cfs","payload":{"cfs":[{"fieldType":"text","fieldKey":"EngineNumber","value":"NKEZ404352","indexedValue":[],"valueType":"string","definitionId":null}]}}]}
Vehicle Updated Successfully
Executing Vehicle UP63BT1346
{"partnerUUID":"bdf730d7-cb8c-443c-bbca-0b3cc42be689","actions":[{"actionName":"chassisNumber","payload":{"chassisNumber":"MB1A3GCD8NRKW4114"}},{"actionName":"vehicleManufacturer","payload":{"vehicleMake":"Ashokleyland"}},{"actionName":"cfs","payload":{"cfs":[{"fieldType":"text","fieldKey":"EngineNumber","value":"NKEZ405623","indexedValue":[],"valueType":"string","definitionId":null}]}}]}
Vehicle Updated Successfully
Executing Vehicle UP65GT1225
{"partnerUUID":"bd947375-b593-49e3-8dfd-0cef2f6c9853","actions":[{"actionName":"chassisNumber","payload":{"chassisNumber":"MB1A2GCDXJRGW1548"}},{"actionName":"vehicleManufacturer","payload":{"vehicleMake":"Ashokleyland"}},{"actionName":"cfs","payload":{"cfs":[{"fieldType":"text","fieldKey":"EngineNumber","value":"JGEZ201108","indexedValue":[],"valueType":"string","definitionId":null}]}}]}
Vehicle Updated Successfully
Executing Vehicle UP65KT0503
{"partnerUUID":"bcf7b269-3137-4884-94db-414fe50d1b61","actions":[{"actionName":"chassisNumber","payload":{"chassisNumber":"MB1A3GCD3MRLK4878"}},{"actionName":"vehicleManufacturer","payload":{"vehicleMake":"Ashokleyland"}},{"actionName":"cfs","payload":{"cfs":[{"fieldType":"text","fieldKey":"EngineNumber","value":"MLEZ402305","indexedValue":[],"valueType":"string","definitionId":null}]}}]}
Vehicle Updated Successfully
Executing Vehicle UP65LT9958
{"partnerUUID":"bbb64874-0eea-4805-bbcc-9020cc25e56a","actions":[{"actionName":"chassisNumber","payload":{"chassisNumber":"MAT843003P7B04348"}},{"actionName":"vehicleManufacturer","payload":{"vehicleMake":"TATA"}},{"actionName":"cfs","payload":{"cfs":[{"fieldType":"text","fieldKey":"EngineNumber","value":"3.3LNGD05BWX505970","indexedValue":[],"valueType":"string","definitionId":null}]}}]}
Vehicle Updated Successfully
Executing Vehicle UP63BT1352
{"partnerUUID":"bb7f9595-8332-4b13-bff0-0ab64e71f956","actions":[{"actionName":"chassisNumber","payload":{"chassisNumber":"MB1A3GCD5NRKW4099"}},{"actionName":"vehicleManufacturer","payload":{"vehicleMake":"Ashokleyland"}},{"actionName":"cfs","payload":{"cfs":[{"fieldType":"text","fieldKey":"EngineNumber","value":"NKEZ405528","indexedValue":[],"valueType":"string","definitionId":null}]}}]}
Vehicle Updated Successfully
Executing Vehicle UP65AT6694
{"partnerUUID":"bb65cebe-9f0b-45e0-922f-330379fd2921","actions":[{"actionName":"chassisNumber","payload":{"chassisNumber":"MC233HRC0AE041987"}},{"actionName":"vehicleManufacturer","payload":{"vehicleMake":"Eicher"}},{"actionName":"cfs","payload":{"cfs":[{"fieldType":"text","fieldKey":"EngineNumber","value":"E4843CDAE233998","indexedValue":[],"valueType":"string","definitionId":null}]}}]}
Vehicle Updated Successfully
Executing Vehicle UP63AT5428
{"partnerUUID":"b91f6ee0-f74c-4951-9e20-0c4b34cd5372","actions":[{"actionName":"chassisNumber","payload":{"chassisNumber":"MB1A2GCD5JRXZ4831"}},{"actionName":"vehicleManufacturer","payload":{"vehicleMake":"Ashokleyland"}},{"actionName":"cfs","payload":{"cfs":[{"fieldType":"text","fieldKey":"EngineNumber","value":"JXEZ208832","indexedValue":[],"valueType":"string","definitionId":null}]}}]}
Vehicle Updated Successfully
Executing Vehicle UP63AT5429
{"partnerUUID":"b864c6df-0ddf-4fa3-9fd2-e2450666cefa","actions":[{"actionName":"chassisNumber","payload":{"chassisNumber":"MB1A2GCD9JRXZ4816"}},{"actionName":"vehicleManufacturer","payload":{"vehicleMake":"Ashokleyland"}},{"actionName":"cfs","payload":{"cfs":[{"fieldType":"text","fieldKey":"EngineNumber","value":"JXEZ208811","indexedValue":[],"valueType":"string","definitionId":null}]}}]}
Vehicle Updated Successfully
Executing Vehicle UP70GT8996
{"partnerUUID":"b760a9aa-d871-420a-afa0-ec94c566f71f","actions":[{"actionName":"chassisNumber","payload":{"chassisNumber":"MB1A2GCDXJRXZ5053"}},{"actionName":"vehicleManufacturer","payload":{"vehicleMake":"Ashokleyland"}},{"actionName":"cfs","payload":{"cfs":[{"fieldType":"text","fieldKey":"EngineNumber","value":"JXEZ208875","indexedValue":[],"valueType":"string","definitionId":null}]}}]}
Vehicle Updated Successfully
Executing Vehicle UP65AT6701
{"partnerUUID":"b5d4f50b-22b8-410f-9357-374b78096044","actions":[{"actionName":"chassisNumber","payload":{"chassisNumber":"MC233HRC0AE041985"}},{"actionName":"vehicleManufacturer","payload":{"vehicleMake":"Eicher"}},{"actionName":"cfs","payload":{"cfs":[{"fieldType":"text","fieldKey":"EngineNumber","value":"E483CDAE234001","indexedValue":[],"valueType":"string","definitionId":null}]}}]}
Vehicle Updated Successfully
Executing Vehicle UP65KT0502
{"partnerUUID":"b4a11db5-fdc3-4781-8b38-f7b03a42770a","actions":[{"actionName":"chassisNumber","payload":{"chassisNumber":"MB1A3GCD5MRLK4882"}},{"actionName":"vehicleManufacturer","payload":{"vehicleMake":"Ashokleyland"}},{"actionName":"cfs","payload":{"cfs":[{"fieldType":"text","fieldKey":"EngineNumber","value":"MLEZ402306","indexedValue":[],"valueType":"string","definitionId":null}]}}]}
Vehicle Updated Successfully
Executing Vehicle UP65AT6683
{"partnerUUID":"b3a4ac68-8476-4baa-8fae-e03794e3e740","actions":[{"actionName":"chassisNumber","payload":{"chassisNumber":"MC233HRC0AE041915"}},{"actionName":"vehicleManufacturer","payload":{"vehicleMake":"Eicher"}},{"actionName":"cfs","payload":{"cfs":[{"fieldType":"text","fieldKey":"EngineNumber","value":"E483CDA233709","indexedValue":[],"valueType":"string","definitionId":null}]}}]}
Vehicle Updated Successfully
Executing Vehicle UP63BT1269
{"partnerUUID":"b1cc5dcd-32c2-4f2a-b460-8d6fce2e746e","actions":[{"actionName":"chassisNumber","payload":{"chassisNumber":"MB1A3GCD4NRKW0495"}},{"actionName":"vehicleManufacturer","payload":{"vehicleMake":"Ashokleyland"}},{"actionName":"cfs","payload":{"cfs":[{"fieldType":"text","fieldKey":"EngineNumber","value":"NKEZ404716","indexedValue":[],"valueType":"string","definitionId":null}]}}]}
Vehicle Updated Successfully
Executing Vehicle UP65AT9016
{"partnerUUID":"b1691a62-5eb3-4706-84b8-d4eae0083a17","actions":[{"actionName":"chassisNumber","payload":{"chassisNumber":"MC233HRC0AK045541"}},{"actionName":"vehicleManufacturer","payload":{"vehicleMake":"Eicher"}},{"actionName":"cfs","payload":{"cfs":[{"fieldType":"text","fieldKey":"EngineNumber","value":"R483CDAK59320","indexedValue":[],"valueType":"string","definitionId":null}]}}]}
Vehicle Updated Successfully
Executing Vehicle UP63BT1272
{"partnerUUID":"b0516526-97b0-42a9-81ed-ca385869a7bc","actions":[{"actionName":"chassisNumber","payload":{"chassisNumber":"MB1A3GCD7NRKV9700"}},{"actionName":"vehicleManufacturer","payload":{"vehicleMake":"Ashokleyland"}},{"actionName":"cfs","payload":{"cfs":[{"fieldType":"text","fieldKey":"EngineNumber","value":"NKEZ404543","indexedValue":[],"valueType":"string","definitionId":null}]}}]}
Vehicle Updated Successfully
Executing Vehicle UP65AT6686
{"partnerUUID":"afb0e8b8-508d-40ae-8960-5c6efa766f07","actions":[{"actionName":"chassisNumber","payload":{"chassisNumber":"MC233HRC0AE041910"}},{"actionName":"vehicleManufacturer","payload":{"vehicleMake":"Eicher"}},{"actionName":"cfs","payload":{"cfs":[{"fieldType":"text","fieldKey":"EngineNumber","value":"E483CDAE233732","indexedValue":[],"valueType":"string","definitionId":null}]}}]}
Vehicle Updated Successfully
Executing Vehicle UP63BT1268
{"partnerUUID":"adc396a5-dc24-485e-99d3-a2f0f63a3b9d","actions":[{"actionName":"chassisNumber","payload":{"chassisNumber":"MB1A3GCD7NRKW0975"}},{"actionName":"vehicleManufacturer","payload":{"vehicleMake":"Ashokleyland"}},{"actionName":"cfs","payload":{"cfs":[{"fieldType":"text","fieldKey":"EngineNumber","value":"NKEZ404627","indexedValue":[],"valueType":"string","definitionId":null}]}}]}
Vehicle Updated Successfully
Executing Vehicle UP65KT0692
{"partnerUUID":"ad11f2f7-2f37-44b3-a5af-bc91a1bd749c","actions":[{"actionName":"chassisNumber","payload":{"chassisNumber":"MB1A3GCD5MRLK5238"}},{"actionName":"vehicleManufacturer","payload":{"vehicleMake":"Ashokleyland"}},{"actionName":"cfs","payload":{"cfs":[{"fieldType":"text","fieldKey":"EngineNumber","value":"MLEZ402446","indexedValue":[],"valueType":"string","definitionId":null}]}}]}
Vehicle Updated Successfully
Executing Vehicle UP65GT3974
{"partnerUUID":"abb89234-2bd3-463b-a4b2-776e76fa4728","actions":[{"actionName":"chassisNumber","payload":{"chassisNumber":"MB1A2GCD1JREX2013"}},{"actionName":"vehicleManufacturer","payload":{"vehicleMake":"Ashokleyland"}},{"actionName":"cfs","payload":{"cfs":[{"fieldType":"text","fieldKey":"EngineNumber","value":"JEEZ412396","indexedValue":[],"valueType":"string","definitionId":null}]}}]}
Vehicle Updated Successfully
Executing Vehicle UP63BT1357
{"partnerUUID":"a9129439-01c6-4b7e-b84c-40c8f6e570f9","actions":[{"actionName":"chassisNumber","payload":{"chassisNumber":"MB1A3GCD8NRKW2315"}},{"actionName":"vehicleManufacturer","payload":{"vehicleMake":"Ashokleyland"}},{"actionName":"cfs","payload":{"cfs":[{"fieldType":"text","fieldKey":"EngineNumber","value":"NKEZ405178","indexedValue":[],"valueType":"string","definitionId":null}]}}]}
Vehicle Updated Successfully
Executing Vehicle UP63BT1354
{"partnerUUID":"a46a87d3-a9a2-4e73-b995-26557ba50e3e","actions":[{"actionName":"chassisNumber","payload":{"chassisNumber":"MB1A3GCD1NRKW2852"}},{"actionName":"vehicleManufacturer","payload":{"vehicleMake":"Ashokleyland"}},{"actionName":"cfs","payload":{"cfs":[{"fieldType":"text","fieldKey":"EngineNumber","value":"NKEZ405247","indexedValue":[],"valueType":"string","definitionId":null}]}}]}
Vehicle Updated Successfully
Executing Vehicle UP65GT3977
{"partnerUUID":"a2daef05-e95e-48f8-be92-40b44caf93fe","actions":[{"actionName":"chassisNumber","payload":{"chassisNumber":"MB1A2GCD2JREX2196"}},{"actionName":"vehicleManufacturer","payload":{"vehicleMake":"Ashokleyland"}},{"actionName":"cfs","payload":{"cfs":[{"fieldType":"text","fieldKey":"EngineNumber","value":"JEEZ412421","indexedValue":[],"valueType":"string","definitionId":null}]}}]}
Vehicle Updated Successfully
Executing Vehicle UP63BT1274
{"partnerUUID":"a2166ee0-7d98-4821-8629-3557df557138","actions":[{"actionName":"chassisNumber","payload":{"chassisNumber":"MB1A3GCD7NRLV6637"}},{"actionName":"vehicleManufacturer","payload":{"vehicleMake":"Ashokleyland"}},{"actionName":"cfs","payload":{"cfs":[{"fieldType":"text","fieldKey":"EngineNumber","value":"NLHZ406022","indexedValue":[],"valueType":"string","definitionId":null}]}}]}
Vehicle Updated Successfully
Executing Vehicle UP63BT1463
{"partnerUUID":"9fbeface-8f29-4e2a-822e-0a2f3818957f","actions":[{"actionName":"chassisNumber","payload":{"chassisNumber":"MB1A3GCDXNRKW7774"}},{"actionName":"vehicleManufacturer","payload":{"vehicleMake":"Ashokleyland"}},{"actionName":"cfs","payload":{"cfs":[{"fieldType":"text","fieldKey":"EngineNumber","value":"NKHZ409992","indexedValue":[],"valueType":"string","definitionId":null}]}}]}
Vehicle Updated Successfully
Executing Vehicle UP65JT0870
{"partnerUUID":"9ed57435-6c82-4e7f-be7a-accd5a849998","actions":[{"actionName":"chassisNumber","payload":{"chassisNumber":"MB1A3GCD8KREC3580"}},{"actionName":"vehicleManufacturer","payload":{"vehicleMake":"Ashokleyland"}},{"actionName":"cfs","payload":{"cfs":[{"fieldType":"text","fieldKey":"EngineNumber","value":"KEEZ412314","indexedValue":[],"valueType":"string","definitionId":null}]}}]}
Vehicle Updated Successfully
Executing Vehicle UP65JT4552
{"partnerUUID":"9b7721f1-2157-4136-b448-00c8ec59e5c7","actions":[{"actionName":"chassisNumber","payload":{"chassisNumber":"MB1A3GCD5KRCD0254"}},{"actionName":"vehicleManufacturer","payload":{"vehicleMake":"Ashokleyland"}},{"actionName":"cfs","payload":{"cfs":[{"fieldType":"text","fieldKey":"EngineNumber","value":"KDHZ408153","indexedValue":[],"valueType":"string","definitionId":null}]}}]}
Vehicle Updated Successfully
Executing Vehicle UP70GT8997
{"partnerUUID":"9aa2510f-b160-46f6-9581-de7ebb4eff0d","actions":[{"actionName":"chassisNumber","payload":{"chassisNumber":"MB1A2GCDXJRAY5203"}},{"actionName":"vehicleManufacturer","payload":{"vehicleMake":"Ashokleyland"}},{"actionName":"cfs","payload":{"cfs":[{"fieldType":"text","fieldKey":"EngineNumber","value":"JAHZ432883","indexedValue":[],"valueType":"string","definitionId":null}]}}]}
Vehicle Updated Successfully
Executing Vehicle UP65AT6700
{"partnerUUID":"9a9ddfb0-97bb-47f6-a35f-50c6d3a1f1ea","actions":[{"actionName":"chassisNumber","payload":{"chassisNumber":"MC233HRC0AE041832"}},{"actionName":"vehicleManufacturer","payload":{"vehicleMake":"Eicher"}},{"actionName":"cfs","payload":{"cfs":[{"fieldType":"text","fieldKey":"EngineNumber","value":"E483CDAE233502","indexedValue":[],"valueType":"string","definitionId":null}]}}]}
Vehicle Updated Successfully
Executing Vehicle UP65LT9783
{"partnerUUID":"9a9289a8-169f-4494-b573-065b91cbe757","actions":[{"actionName":"chassisNumber","payload":{"chassisNumber":"MAT843003P7B04268"}},{"actionName":"vehicleManufacturer","payload":{"vehicleMake":"TATA"}},{"actionName":"cfs","payload":{"cfs":[{"fieldType":"text","fieldKey":"EngineNumber","value":"3.3LNGD05BWX505797","indexedValue":[],"valueType":"string","definitionId":null}]}}]}
Vehicle Updated Successfully
Executing Vehicle HR39F4521
Vahan Details not Found For HR39F4521
Executing Vehicle UP65MT0332
{"partnerUUID":"940f89b0-1ea3-4b62-bcb6-11693439841c","actions":[{"actionName":"chassisNumber","payload":{"chassisNumber":"MAT843003P7C06277"}},{"actionName":"vehicleManufacturer","payload":{"vehicleMake":"TATA"}},{"actionName":"cfs","payload":{"cfs":[{"fieldType":"text","fieldKey":"EngineNumber","value":"3.3LNGD05CWX508352","indexedValue":[],"valueType":"string","definitionId":null}]}}]}
Vehicle Updated Successfully
Executing Vehicle UP63BT1355
{"partnerUUID":"90e6a86e-dcfb-465b-92b8-3c17eaf0a243","actions":[{"actionName":"chassisNumber","payload":{"chassisNumber":"MB1A3GCDXNRKW4499"}},{"actionName":"vehicleManufacturer","payload":{"vehicleMake":"Ashokleyland"}},{"actionName":"cfs","payload":{"cfs":[{"fieldType":"text","fieldKey":"EngineNumber","value":"NKEZ405682","indexedValue":[],"valueType":"string","definitionId":null}]}}]}
Vehicle Updated Successfully
Executing Vehicle UP65LT4024
{"partnerUUID":"8fffd133-3af9-4f8a-8549-145187cefa85","actions":[{"actionName":"chassisNumber","payload":{"chassisNumber":"MC2ESLRC0ND207541"}},{"actionName":"vehicleManufacturer","payload":{"vehicleMake":"Eicher CNG"}},{"actionName":"cfs","payload":{"cfs":[{"fieldType":"text","fieldKey":"EngineNumber","value":"E426CCND392159","indexedValue":[],"valueType":"string","definitionId":null}]}}]}
Vehicle Updated Successfully
Executing Vehicle UP65MT0161
{"partnerUUID":"8fa71bc9-1808-4b39-9564-2e5bb2ce41a5","actions":[{"actionName":"chassisNumber","payload":{"chassisNumber":"MAT843003P7B04193"}},{"actionName":"vehicleManufacturer","payload":{"vehicleMake":"TATA"}},{"actionName":"cfs","payload":{"cfs":[{"fieldType":"text","fieldKey":"EngineNumber","value":"3.3LNGD05BWX505749","indexedValue":[],"valueType":"string","definitionId":null}]}}]}
Vehicle Updated Successfully
Executing Vehicle UP65MT0688
{"partnerUUID":"8dd60126-1eda-43ca-b9b4-5f7197c71a22","actions":[{"actionName":"chassisNumber","payload":{"chassisNumber":"MAT843003P7C06427"}},{"actionName":"vehicleManufacturer","payload":{"vehicleMake":"TATA"}},{"actionName":"cfs","payload":{"cfs":[{"fieldType":"text","fieldKey":"EngineNumber","value":"3.3LNGD05CWX508510","indexedValue":[],"valueType":"string","definitionId":null}]}}]}
Vehicle Updated Successfully
Executing Vehicle UP65GT3981
{"partnerUUID":"8d64911a-a68b-403c-ab5f-c8d9da378736","actions":[{"actionName":"chassisNumber","payload":{"chassisNumber":"MB1A2GCD6JREX2198"}},{"actionName":"vehicleManufacturer","payload":{"vehicleMake":"Ashokleyland"}},{"actionName":"cfs","payload":{"cfs":[{"fieldType":"text","fieldKey":"EngineNumber","value":"JEEZ412307","indexedValue":[],"valueType":"string","definitionId":null}]}}]}
Vehicle Updated Successfully
Executing Vehicle UP65MT0579
{"partnerUUID":"8b262efe-50bc-425c-8771-8e0d70fc072b","actions":[{"actionName":"chassisNumber","payload":{"chassisNumber":"MAT843003P7C05647"}},{"actionName":"vehicleManufacturer","payload":{"vehicleMake":"TATA"}},{"actionName":"cfs","payload":{"cfs":[{"fieldType":"text","fieldKey":"EngineNumber","value":"3.3LNGD05BWX507512","indexedValue":[],"valueType":"string","definitionId":null}]}}]}
Vehicle Updated Successfully
Executing Vehicle UP65AT6690
{"partnerUUID":"86b99531-a658-41ca-acf3-7836a4974bd1","actions":[{"actionName":"chassisNumber","payload":{"chassisNumber":"MC233HRCAE041838"}},{"actionName":"vehicleManufacturer","payload":{"vehicleMake":"Eicher"}},{"actionName":"cfs","payload":{"cfs":[{"fieldType":"text","fieldKey":"EngineNumber","value":"E483CDAE233524","indexedValue":[],"valueType":"string","definitionId":null}]}}]}
Vehicle Updated Successfully
Executing Vehicle UP65KT0689
{"partnerUUID":"8668e100-f2d6-4926-bbd6-168b8a0d5ebe","actions":[{"actionName":"chassisNumber","payload":{"chassisNumber":"MB1A3GCD7MRKK5559"}},{"actionName":"vehicleManufacturer","payload":{"vehicleMake":"Ashokleyland"}},{"actionName":"cfs","payload":{"cfs":[{"fieldType":"text","fieldKey":"EngineNumber","value":"MLEZ402506","indexedValue":[],"valueType":"string","definitionId":null}]}}]}
Vehicle Updated Successfully
Executing Vehicle UP65KT0508
{"partnerUUID":"85128796-1f74-4d5e-95db-f8f8c96cc026","actions":[{"actionName":"chassisNumber","payload":{"chassisNumber":"MB1A3GCD7MRLK4897"}},{"actionName":"vehicleManufacturer","payload":{"vehicleMake":"Ashokleyland"}},{"actionName":"cfs","payload":{"cfs":[{"fieldType":"text","fieldKey":"EngineNumber","value":"MLEZ402249","indexedValue":[],"valueType":"string","definitionId":null}]}}]}
Vehicle Updated Successfully
Executing Vehicle UP65AT9948
Catched Error While Getting Vehicles 500 - "<html><h3>Some server error</h3></html>"
Vahan Details not Found For UP65AT9948
Executing Vehicle UP65MT0689
{"partnerUUID":"82f82503-8b2f-46c9-852c-aae8a857a756","actions":[{"actionName":"chassisNumber","payload":{"chassisNumber":"MAT843003P7C06280"}},{"actionName":"vehicleManufacturer","payload":{"vehicleMake":"TATA"}},{"actionName":"cfs","payload":{"cfs":[{"fieldType":"text","fieldKey":"EngineNumber","value":"3.3LNGD05CWX508349","indexedValue":[],"valueType":"string","definitionId":null}]}}]}
Vehicle Updated Successfully
Executing Vehicle UP63BT1282
{"partnerUUID":"81519cd3-0591-42c1-bf05-c0eb11782927","actions":[{"actionName":"chassisNumber","payload":{"chassisNumber":"MB1A3GCD5NRKW0361"}},{"actionName":"vehicleManufacturer","payload":{"vehicleMake":"Ashokleyland"}},{"actionName":"cfs","payload":{"cfs":[{"fieldType":"text","fieldKey":"EngineNumber","value":"NLHZ406113","indexedValue":[],"valueType":"string","definitionId":null}]}}]}
Vehicle Updated Successfully
Executing Vehicle UP65GT1223
{"partnerUUID":"7cd77139-835d-4812-bafe-1cef84a1f6f8","actions":[{"actionName":"chassisNumber","payload":{"chassisNumber":"MB1A2GCD2JRGW1544"}},{"actionName":"vehicleManufacturer","payload":{"vehicleMake":"Ashokleyland"}},{"actionName":"cfs","payload":{"cfs":[{"fieldType":"text","fieldKey":"EngineNumber","value":"JGEZ201084","indexedValue":[],"valueType":"string","definitionId":null}]}}]}
Vehicle Updated Successfully
Executing Vehicle UP63BT1276
{"partnerUUID":"7c9a6be0-3f8c-442c-83e8-b0236130f824","actions":[{"actionName":"chassisNumber","payload":{"chassisNumber":"MB1A3GCD0NRKW0977"}},{"actionName":"vehicleManufacturer","payload":{"vehicleMake":"Ashokleyland"}},{"actionName":"cfs","payload":{"cfs":[{"fieldType":"text","fieldKey":"EngineNumber","value":"NKEZ404781","indexedValue":[],"valueType":"string","definitionId":null}]}}]}
Vehicle Updated Successfully
Executing Vehicle UP65AT6698
{"partnerUUID":"7c49b680-bfcf-4e23-ab6c-4467cf3abccf","actions":[{"actionName":"chassisNumber","payload":{"chassisNumber":"MC233HRC0AE041983"}},{"actionName":"vehicleManufacturer","payload":{"vehicleMake":"Eicher"}},{"actionName":"cfs","payload":{"cfs":[{"fieldType":"text","fieldKey":"EngineNumber","value":"E483CDAE233991","indexedValue":[],"valueType":"string","definitionId":null}]}}]}
Vehicle Updated Successfully
Executing Vehicle UP66D9502
Catched Error While Getting Vehicles 500 - "<html><h3>Some server error</h3></html>"
Vahan Details not Found For UP66D9502
Executing Vehicle UP65AT6693
{"partnerUUID":"78f06a26-83d1-4117-a535-2b72cbf5928c","actions":[{"actionName":"chassisNumber","payload":{"chassisNumber":"MC233HRC0AE041986"}},{"actionName":"vehicleManufacturer","payload":{"vehicleMake":"Eicher"}},{"actionName":"cfs","payload":{"cfs":[{"fieldType":"text","fieldKey":"EngineNumber","value":"E483CDAE234000","indexedValue":[],"valueType":"string","definitionId":null}]}}]}
Vehicle Updated Successfully
Executing Vehicle UP65AT9949
{"partnerUUID":"78df09ef-b1d7-4ae7-81fb-7b78fd256629","actions":[{"actionName":"chassisNumber","payload":{"chassisNumber":"MC233HRC0AL047219"}},{"actionName":"vehicleManufacturer","payload":{"vehicleMake":"Eicher"}},{"actionName":"cfs","payload":{"cfs":[{"fieldType":"text","fieldKey":"EngineNumber","value":"E483CADL513828","indexedValue":[],"valueType":"string","definitionId":null}]}}]}
Vehicle Updated Successfully
Executing Vehicle UP65MT1420
{"partnerUUID":"741d9c8e-3b03-4103-acae-f93080b5f2d5","actions":[{"actionName":"chassisNumber","payload":{"chassisNumber":"MAT843003P7C07993"}},{"actionName":"vehicleManufacturer","payload":{"vehicleMake":"TATA"}},{"actionName":"cfs","payload":{"cfs":[{"fieldType":"text","fieldKey":"EngineNumber","value":"3.3LNGD05CWX510439","indexedValue":[],"valueType":"string","definitionId":null}]}}]}
Vehicle Updated Successfully
Executing Vehicle UP65LT4025
{"partnerUUID":"740b5268-211c-4ddc-96bd-182256629ab6","actions":[{"actionName":"chassisNumber","payload":{"chassisNumber":"MC2EBLRC0NG513620"}},{"actionName":"vehicleManufacturer","payload":{"vehicleMake":"Eicher CNG"}},{"actionName":"cfs","payload":{"cfs":[{"fieldType":"text","fieldKey":"EngineNumber","value":"E416NCNG401986","indexedValue":[],"valueType":"string","definitionId":null}]}}]}
Vehicle Updated Successfully
Executing Vehicle UP65AT6703
{"partnerUUID":"72abeb83-7dfe-4775-9ff8-b196fff96b4f","actions":[{"actionName":"chassisNumber","payload":{"chassisNumber":"MC233HRCAE041982"}},{"actionName":"vehicleManufacturer","payload":{"vehicleMake":"Eicher"}},{"actionName":"cfs","payload":{"cfs":[{"fieldType":"text","fieldKey":"EngineNumber","value":"E483CDAE233996","indexedValue":[],"valueType":"string","definitionId":null}]}}]}
Vehicle Updated Successfully
Executing Vehicle UP65JT1080
{"partnerUUID":"6fd73912-5dfa-4a73-9f28-921ee24375e0","actions":[{"actionName":"chassisNumber","payload":{"chassisNumber":"MB1A3GCD4KRDC7610"}},{"actionName":"vehicleManufacturer","payload":{"vehicleMake":"Ashokleyland"}},{"actionName":"cfs","payload":{"cfs":[{"fieldType":"text","fieldKey":"EngineNumber","value":"KEEZ415630","indexedValue":[],"valueType":"string","definitionId":null}]}}]}
Vehicle Updated Successfully
Executing Vehicle UP65JT1078
{"partnerUUID":"6d1b2dd0-3056-4ac1-a7f7-468838ad6bfa","actions":[{"actionName":"chassisNumber","payload":{"chassisNumber":"MB1A3GCD9KRDC7604"}},{"actionName":"vehicleManufacturer","payload":{"vehicleMake":"Ashokleyland"}},{"actionName":"cfs","payload":{"cfs":[{"fieldType":"text","fieldKey":"EngineNumber","value":"KDHZ406482","indexedValue":[],"valueType":"string","definitionId":null}]}}]}
Vehicle Updated Successfully
Executing Vehicle UP65AT9014
{"partnerUUID":"6d141fa1-01b7-40cb-844e-f1f14b7c5376","actions":[{"actionName":"chassisNumber","payload":{"chassisNumber":"MC233HRC0AK045770"}},{"actionName":"vehicleManufacturer","payload":{"vehicleMake":"Eicher"}},{"actionName":"cfs","payload":{"cfs":[{"fieldType":"text","fieldKey":"EngineNumber","value":"K483CDAK509831","indexedValue":[],"valueType":"string","definitionId":null}]}}]}
Vehicle Updated Successfully
Executing Vehicle UP65LT9953
{"partnerUUID":"6b93ef00-1c64-4b47-bc49-8bd96edf0133","actions":[{"actionName":"chassisNumber","payload":{"chassisNumber":"MAT843003P7B04165"}},{"actionName":"vehicleManufacturer","payload":{"vehicleMake":"TATA"}},{"actionName":"cfs","payload":{"cfs":[{"fieldType":"text","fieldKey":"EngineNumber","value":"3.3LNGD05BWX505609","indexedValue":[],"valueType":"string","definitionId":null}]}}]}
Vehicle Updated Successfully
Executing Vehicle UP66D9498
Catched Error While Getting Vehicles 500 - "<html><h3>Some server error</h3></html>"
Vahan Details not Found For UP66D9498
Executing Vehicle UP65MT0686
{"partnerUUID":"6a8d4512-5f78-4f1a-a1e8-db93677132bc","actions":[{"actionName":"chassisNumber","payload":{"chassisNumber":"MAT843003P7C06329"}},{"actionName":"vehicleManufacturer","payload":{"vehicleMake":"TATA"}},{"actionName":"cfs","payload":{"cfs":[{"fieldType":"text","fieldKey":"EngineNumber","value":"3.3LNGD05CWX508440","indexedValue":[],"valueType":"string","definitionId":null}]}}]}
Vehicle Updated Successfully
Executing Vehicle UP65AT6689
{"partnerUUID":"6a55ad39-2499-485e-aa78-d411e0d22fcc","actions":[{"actionName":"chassisNumber","payload":{"chassisNumber":"MC233HRC0AE041913"}},{"actionName":"vehicleManufacturer","payload":{"vehicleMake":"Eicher"}},{"actionName":"cfs","payload":{"cfs":[{"fieldType":"text","fieldKey":"EngineNumber","value":"E483CDAAE233719","indexedValue":[],"valueType":"string","definitionId":null}]}}]}
Vehicle Updated Successfully
Executing Vehicle UP65MT0687
{"partnerUUID":"69632826-c9b0-426f-ab57-9c73ec2397a8","actions":[{"actionName":"chassisNumber","payload":{"chassisNumber":"MAT843003P7C05883"}},{"actionName":"vehicleManufacturer","payload":{"vehicleMake":"TATA"}},{"actionName":"cfs","payload":{"cfs":[{"fieldType":"text","fieldKey":"EngineNumber","value":"3.3LNGD05CWX507911","indexedValue":[],"valueType":"string","definitionId":null}]}}]}
Vehicle Updated Successfully
Executing Vehicle UP65KT0507
{"partnerUUID":"681bd080-15f7-4149-8e36-1c96b455f04a","actions":[{"actionName":"chassisNumber","payload":{"chassisNumber":"MB1A3GCD3MRLK4895"}},{"actionName":"vehicleManufacturer","payload":{"vehicleMake":"Ashokleyland"}},{"actionName":"cfs","payload":{"cfs":[{"fieldType":"text","fieldKey":"EngineNumber","value":"MLEZ402242","indexedValue":[],"valueType":"string","definitionId":null}]}}]}
Vehicle Updated Successfully
Executing Vehicle UP65GT3978
{"partnerUUID":"66f6df27-d9a8-473d-ae52-027052111cca","actions":[{"actionName":"chassisNumber","payload":{"chassisNumber":"MB1A2GCD9JREX2194"}},{"actionName":"vehicleManufacturer","payload":{"vehicleMake":"Ashokleyland"}},{"actionName":"cfs","payload":{"cfs":[{"fieldType":"text","fieldKey":"EngineNumber","value":"JEEZ410985","indexedValue":[],"valueType":"string","definitionId":null}]}}]}
Vehicle Updated Successfully
Executing Vehicle UP63BT1277
{"partnerUUID":"664b7d3c-840d-47e5-a8aa-1eb3b7df2ddf","actions":[{"actionName":"chassisNumber","payload":{"chassisNumber":"MB1A3GCD7NRKW1334"}},{"actionName":"vehicleManufacturer","payload":{"vehicleMake":"Ashokleyland"}},{"actionName":"cfs","payload":{"cfs":[{"fieldType":"text","fieldKey":"EngineNumber","value":"NKEZ404912","indexedValue":[],"valueType":"string","definitionId":null}]}}]}
Vehicle Updated Successfully
Executing Vehicle UP65GT3976
{"partnerUUID":"64d1f094-b8ff-434e-82fb-34bb789bbff3","actions":[{"actionName":"chassisNumber","payload":{"chassisNumber":"MB1A2GCD3JREX2014"}},{"actionName":"vehicleManufacturer","payload":{"vehicleMake":"Ashokleyland"}},{"actionName":"cfs","payload":{"cfs":[{"fieldType":"text","fieldKey":"EngineNumber","value":"JEEZ412419","indexedValue":[],"valueType":"string","definitionId":null}]}}]}
Vehicle Updated Successfully
Executing Vehicle UP63BT1271
{"partnerUUID":"62818aa1-431e-4eb6-8d2a-3049a59e1b06","actions":[{"actionName":"chassisNumber","payload":{"chassisNumber":"MB1A3GCD4NRKW0979"}},{"actionName":"vehicleManufacturer","payload":{"vehicleMake":"Ashokleyland"}},{"actionName":"cfs","payload":{"cfs":[{"fieldType":"text","fieldKey":"EngineNumber","value":"NKHZ407023","indexedValue":[],"valueType":"string","definitionId":null}]}}]}
Vehicle Updated Successfully
Executing Vehicle UP65AT6695
{"partnerUUID":"61edc5a6-e899-49b5-9983-2624f2984e44","actions":[{"actionName":"chassisNumber","payload":{"chassisNumber":"MC233HRC0AE041994"}},{"actionName":"vehicleManufacturer","payload":{"vehicleMake":"Eicher"}},{"actionName":"cfs","payload":{"cfs":[{"fieldType":"text","fieldKey":"EngineNumber","value":"E483DAE234036","indexedValue":[],"valueType":"string","definitionId":null}]}}]}
Vehicle Updated Successfully
Executing Vehicle UP65MT0330
{"partnerUUID":"61be75d0-a2ab-405b-938f-6dc52bb10685","actions":[{"actionName":"chassisNumber","payload":{"chassisNumber":"MAT843003P7C06328"}},{"actionName":"vehicleManufacturer","payload":{"vehicleMake":"TATA"}},{"actionName":"cfs","payload":{"cfs":[{"fieldType":"text","fieldKey":"EngineNumber","value":"3.3LNGD05CWX508442","indexedValue":[],"valueType":"string","definitionId":null}]}}]}
Vehicle Updated Successfully
Executing Vehicle UP65AT6995
{"partnerUUID":"60d1119f-c311-4a36-ba19-8e0d68e58582","actions":[{"actionName":"chassisNumber","payload":{"chassisNumber":"MC233HRC0AF042333"}},{"actionName":"vehicleManufacturer","payload":{"vehicleMake":"Eicher"}},{"actionName":"cfs","payload":{"cfs":[{"fieldType":"text","fieldKey":"EngineNumber","value":"E483CDAF235101","indexedValue":[],"valueType":"string","definitionId":null}]}}]}
Vehicle Updated Successfully
Executing Vehicle UP63BT1278
{"partnerUUID":"6040ff87-edf3-4911-8e13-10c32eb2f39b","actions":[{"actionName":"chassisNumber","payload":{"chassisNumber":"MB1A3GCDXNRKW0968"}},{"actionName":"vehicleManufacturer","payload":{"vehicleMake":"Ashokleyland"}},{"actionName":"cfs","payload":{"cfs":[{"fieldType":"text","fieldKey":"EngineNumber","value":"NKEZ404775","indexedValue":[],"valueType":"string","definitionId":null}]}}]}
Vehicle Updated Successfully
Executing Vehicle UP65AT6687
{"partnerUUID":"5b845029-2c23-46fd-bb53-6fc99913ed3e","actions":[{"actionName":"chassisNumber","payload":{"chassisNumber":"MC233HRC0AE041908"}},{"actionName":"vehicleManufacturer","payload":{"vehicleMake":"Eicher"}},{"actionName":"cfs","payload":{"cfs":[{"fieldType":"text","fieldKey":"EngineNumber","value":"E483CDAE233725","indexedValue":[],"valueType":"string","definitionId":null}]}}]}
Vehicle Updated Successfully
Executing Vehicle UP65LT9957
{"partnerUUID":"58ffda28-4a41-4ba5-850a-ec8e314a78ae","actions":[{"actionName":"chassisNumber","payload":{"chassisNumber":"MAT843003P7B04168"}},{"actionName":"vehicleManufacturer","payload":{"vehicleMake":"TATA"}},{"actionName":"cfs","payload":{"cfs":[{"fieldType":"text","fieldKey":"EngineNumber","value":"3.3LNGD05BWX505724","indexedValue":[],"valueType":"string","definitionId":null}]}}]}
Vehicle Updated Successfully
Executing Vehicle UP65MT1422
{"partnerUUID":"57a98582-5d92-4d14-a755-fa8063e3d749","actions":[{"actionName":"chassisNumber","payload":{"chassisNumber":"MAT843003P7C07889"}},{"actionName":"vehicleManufacturer","payload":{"vehicleMake":"TATA"}},{"actionName":"cfs","payload":{"cfs":[{"fieldType":"text","fieldKey":"EngineNumber","value":"3.3LNGD05CWX510295","indexedValue":[],"valueType":"string","definitionId":null}]}}]}
Vehicle Updated Successfully
Executing Vehicle UP63BT1347
{"partnerUUID":"5476dc81-6326-4738-a9ae-cafc897e1705","actions":[{"actionName":"chassisNumber","payload":{"chassisNumber":"MB1A3GCD2NRKW3489"}},{"actionName":"vehicleManufacturer","payload":{"vehicleMake":"Ashokleyland"}},{"actionName":"cfs","payload":{"cfs":[{"fieldType":"text","fieldKey":"EngineNumber","value":"NKHZ408381","indexedValue":[],"valueType":"string","definitionId":null}]}}]}
Vehicle Updated Successfully
Executing Vehicle UP65HT1759
{"partnerUUID":"5466e0b3-b85c-4710-9de3-b1cd3774b8cb","actions":[{"actionName":"chassisNumber","payload":{"chassisNumber":"MB1A3EHDXJAXJ5906"}},{"actionName":"vehicleManufacturer","payload":{"vehicleMake":"Ashokleyland"}},{"actionName":"cfs","payload":{"cfs":[{"fieldType":"text","fieldKey":"EngineNumber","value":"JYPZ145236","indexedValue":[],"valueType":"string","definitionId":null}]}}]}
Vehicle Updated Successfully
Executing Vehicle UP65JT1164
{"partnerUUID":"541f93b2-5e96-41d6-beee-924055cdacb2","actions":[{"actionName":"chassisNumber","payload":{"chassisNumber":"MB1A3EHD1KPCK5923"}},{"actionName":"vehicleManufacturer","payload":{"vehicleMake":"Ashokleyland"}},{"actionName":"cfs","payload":{"cfs":[{"fieldType":"text","fieldKey":"EngineNumber","value":"KCPZ128809","indexedValue":[],"valueType":"string","definitionId":null}]}}]}
Vehicle Updated Successfully
Executing Vehicle UP65KT0365
{"partnerUUID":"5386b217-e16d-45af-a33b-174c933cecd5","actions":[{"actionName":"chassisNumber","payload":{"chassisNumber":"MB1A5EHDXMALL3275"}},{"actionName":"vehicleManufacturer","payload":{"vehicleMake":"Ashokleyland"}},{"actionName":"cfs","payload":{"cfs":[{"fieldType":"text","fieldKey":"EngineNumber","value":"MLPZ101302","indexedValue":[],"valueType":"string","definitionId":null}]}}]}
Vehicle Updated Successfully
Executing Vehicle UP65AT9017
{"partnerUUID":"52ba5371-271b-4e3b-9453-b7667e989536","actions":[{"actionName":"chassisNumber","payload":{"chassisNumber":"MC233HRC0AK045652"}},{"actionName":"vehicleManufacturer","payload":{"vehicleMake":"Eicher"}},{"actionName":"cfs","payload":{"cfs":[{"fieldType":"text","fieldKey":"EngineNumber","value":"E483CDAK509553","indexedValue":[],"valueType":"string","definitionId":null}]}}]}
Vehicle Updated Successfully
Executing Vehicle UP65GT3973
{"partnerUUID":"529f274f-889a-48c2-9b96-298010750ad1","actions":[{"actionName":"chassisNumber","payload":{"chassisNumber":"MB1A2GCD7JREX2016"}},{"actionName":"vehicleManufacturer","payload":{"vehicleMake":"Ashokleyland"}},{"actionName":"cfs","payload":{"cfs":[{"fieldType":"text","fieldKey":"EngineNumber","value":"JFEZ202455","indexedValue":[],"valueType":"string","definitionId":null}]}}]}
Vehicle Updated Successfully
Executing Vehicle UP65MT1421
{"partnerUUID":"52761a5d-62c6-4c0c-9d6a-c8d65854a03b","actions":[{"actionName":"chassisNumber","payload":{"chassisNumber":"MAT843003P7C07989"}},{"actionName":"vehicleManufacturer","payload":{"vehicleMake":"TATA"}},{"actionName":"cfs","payload":{"cfs":[{"fieldType":"text","fieldKey":"EngineNumber","value":"3.3LNGD05CWX510434","indexedValue":[],"valueType":"string","definitionId":null}]}}]}
Vehicle Updated Successfully
Executing Vehicle UP63BT1345
{"partnerUUID":"5272cec2-3bd2-44c7-a2e0-37a6d2930b1a","actions":[{"actionName":"chassisNumber","payload":{"chassisNumber":"MB1A3GCD1NRKW0051"}},{"actionName":"vehicleManufacturer","payload":{"vehicleMake":"Ashokleyland"}},{"actionName":"cfs","payload":{"cfs":[{"fieldType":"text","fieldKey":"EngineNumber","value":"NLHZ406216","indexedValue":[],"valueType":"string","definitionId":null}]}}]}
Vehicle Updated Successfully
Executing Vehicle UP65LT9782
{"partnerUUID":"5266073b-a35f-4c37-96b9-0775b13c7aeb","actions":[{"actionName":"chassisNumber","payload":{"chassisNumber":"MAT843003P7B03992"}},{"actionName":"vehicleManufacturer","payload":{"vehicleMake":"TATA"}},{"actionName":"cfs","payload":{"cfs":[{"fieldType":"text","fieldKey":"EngineNumber","value":"3.3LNGD05BWX505381","indexedValue":[],"valueType":"string","definitionId":null}]}}]}
Vehicle Updated Successfully
Executing Vehicle UP65AT6696
{"partnerUUID":"52538350-1b85-4fe7-90c4-06cc1360cf7d","actions":[{"actionName":"chassisNumber","payload":{"chassisNumber":"MC233HRC0AE041980"}},{"actionName":"vehicleManufacturer","payload":{"vehicleMake":"Eicher"}},{"actionName":"cfs","payload":{"cfs":[{"fieldType":"text","fieldKey":"EngineNumber","value":"E483CDAE233989","indexedValue":[],"valueType":"string","definitionId":null}]}}]}
Vehicle Updated Successfully
Executing Vehicle UP64AT9703
{"partnerUUID":"524b8f64-5122-40d7-bcce-50123f0b6060","actions":[{"actionName":"chassisNumber","payload":{"chassisNumber":"MB1A3GCD8KRXD5217"}},{"actionName":"vehicleManufacturer","payload":{"vehicleMake":"Ashokleyland"}},{"actionName":"cfs","payload":{"cfs":[{"fieldType":"text","fieldKey":"EngineNumber","value":"KXHZ412410","indexedValue":[],"valueType":"string","definitionId":null}]}}]}
Vehicle Updated Successfully
Executing Vehicle UP65GT3982
{"partnerUUID":"5096ea4e-4d1e-48b7-868a-03f711f2849d","actions":[{"actionName":"chassisNumber","payload":{"chassisNumber":"MB1A2GCD1JREX0603"}},{"actionName":"vehicleManufacturer","payload":{"vehicleMake":"Ashokleyland"}},{"actionName":"cfs","payload":{"cfs":[{"fieldType":"text","fieldKey":"EngineNumber","value":"JEEZ411192","indexedValue":[],"valueType":"string","definitionId":null}]}}]}
Vehicle Updated Successfully
Executing Vehicle UP65GT2118
{"partnerUUID":"4fdb2065-85f1-4aa5-a0af-0d240e6f9df8","actions":[{"actionName":"chassisNumber","payload":{"chassisNumber":"MAT764051J7B04091"}},{"actionName":"vehicleManufacturer","payload":{"vehicleMake":"TATA"}},{"actionName":"cfs","payload":{"cfs":[{"fieldType":"text","fieldKey":"EngineNumber","value":"5LNGDICR17BRY501411","indexedValue":[],"valueType":"string","definitionId":null}]}}]}
Vehicle Updated Successfully
Executing Vehicle UP65KT0687
{"partnerUUID":"4ba74ca5-2647-4a50-b921-a41ba409582a","actions":[{"actionName":"chassisNumber","payload":{"chassisNumber":"MB1A3GCD9MRKK6678"}},{"actionName":"vehicleManufacturer","payload":{"vehicleMake":"Ashokleyland"}},{"actionName":"cfs","payload":{"cfs":[{"fieldType":"text","fieldKey":"EngineNumber","value":"MLHZ401943","indexedValue":[],"valueType":"string","definitionId":null}]}}]}
Vehicle Updated Successfully
Executing Vehicle UP65LT4022
{"partnerUUID":"4a8d8f60-450d-48e6-bd83-6f69574a1e5e","actions":[{"actionName":"chassisNumber","payload":{"chassisNumber":"MC2ESLRC0ND207542"}},{"actionName":"vehicleManufacturer","payload":{"vehicleMake":"Eicher CNG"}},{"actionName":"cfs","payload":{"cfs":[{"fieldType":"text","fieldKey":"EngineNumber","value":"E426CCND392306","indexedValue":[],"valueType":"string","definitionId":null}]}}]}
Vehicle Updated Successfully
Executing Vehicle UP65KT0686
{"partnerUUID":"49e3c200-bac2-499f-b531-aa30f1fa2b7d","actions":[{"actionName":"chassisNumber","payload":{"chassisNumber":"MB1A3GCD7MRKK6677"}},{"actionName":"vehicleManufacturer","payload":{"vehicleMake":"Ashokleyland"}},{"actionName":"cfs","payload":{"cfs":[{"fieldType":"text","fieldKey":"EngineNumber","value":"MLHZ401921","indexedValue":[],"valueType":"string","definitionId":null}]}}]}
Vehicle Updated Successfully
Executing Vehicle UP65MT0334
{"partnerUUID":"48a83c4d-289a-4e5c-9c34-f62ec1b979f4","actions":[{"actionName":"chassisNumber","payload":{"chassisNumber":"MAT843003P7C06090"}},{"actionName":"vehicleManufacturer","payload":{"vehicleMake":"TATA"}},{"actionName":"cfs","payload":{"cfs":[{"fieldType":"text","fieldKey":"EngineNumber","value":"3.3LNGD05CWX507913","indexedValue":[],"valueType":"string","definitionId":null}]}}]}
Vehicle Updated Successfully
Executing Vehicle UP65LT4023
{"partnerUUID":"441ad719-4764-48c8-93b1-2c93359a3904","actions":[{"actionName":"chassisNumber","payload":{"chassisNumber":"MC2EBLRC0NG513621"}},{"actionName":"vehicleManufacturer","payload":{"vehicleMake":"Eicher CNG"}},{"actionName":"cfs","payload":{"cfs":[{"fieldType":"text","fieldKey":"EngineNumber","value":"E416NCNG401979","indexedValue":[],"valueType":"string","definitionId":null}]}}]}
Vehicle Updated Successfully
Executing Vehicle UP65GT1419
{"partnerUUID":"43478286-d355-43ab-9ad3-af81a054bb1e","actions":[{"actionName":"chassisNumber","payload":{"chassisNumber":"MB1A2GCD5JRGW1229"}},{"actionName":"vehicleManufacturer","payload":{"vehicleMake":"Ashokleyland"}},{"actionName":"cfs","payload":{"cfs":[{"fieldType":"text","fieldKey":"EngineNumber","value":"JGEZ200970","indexedValue":[],"valueType":"string","definitionId":null}]}}]}
Vehicle Updated Successfully
Executing Vehicle UP63BT1353
{"partnerUUID":"41ced16c-e697-4c04-8a1a-363011ddc486","actions":[{"actionName":"chassisNumber","payload":{"chassisNumber":"MB1A3GCD7NRKW4105"}},{"actionName":"vehicleManufacturer","payload":{"vehicleMake":"Ashokleyland"}},{"actionName":"cfs","payload":{"cfs":[{"fieldType":"text","fieldKey":"EngineNumber","value":"NKEZ405619","indexedValue":[],"valueType":"string","definitionId":null}]}}]}
Vehicle Updated Successfully
Executing Vehicle UP65GT3979
{"partnerUUID":"4170f6c3-814c-426f-bd7a-7a9af25a2563","actions":[{"actionName":"chassisNumber","payload":{"chassisNumber":"MB1A2GCD5JREX2189"}},{"actionName":"vehicleManufacturer","payload":{"vehicleMake":"Ashokleyland"}},{"actionName":"cfs","payload":{"cfs":[{"fieldType":"text","fieldKey":"EngineNumber","value":"JEEZ412528","indexedValue":[],"valueType":"string","definitionId":null}]}}]}
Vehicle Updated Successfully
Executing Vehicle UP66D9492
Catched Error While Getting Vehicles 500 - "<html><h3>Some server error</h3></html>"
Vahan Details not Found For UP66D9492
Executing Vehicle UP65LT9952
{"partnerUUID":"4032a294-ce6a-47a2-82a1-eeb8e0e2365c","actions":[{"actionName":"chassisNumber","payload":{"chassisNumber":"MAT843003P7B04166"}},{"actionName":"vehicleManufacturer","payload":{"vehicleMake":"TATA"}},{"actionName":"cfs","payload":{"cfs":[{"fieldType":"text","fieldKey":"EngineNumber","value":"3.3LNGD05BWX505489","indexedValue":[],"valueType":"string","definitionId":null}]}}]}
Vehicle Updated Successfully
Executing Vehicle UP65MT0162
{"partnerUUID":"3f7eb67e-dff6-4ba5-8dd8-09445d0aa9f6","actions":[{"actionName":"chassisNumber","payload":{"chassisNumber":"MAT843003P7B04192"}},{"actionName":"vehicleManufacturer","payload":{"vehicleMake":"TATA"}},{"actionName":"cfs","payload":{"cfs":[{"fieldType":"text","fieldKey":"EngineNumber","value":"3.3LNGD05BWX505685","indexedValue":[],"valueType":"string","definitionId":null}]}}]}
Vehicle Updated Successfully
Executing Vehicle UP65MT0163
{"partnerUUID":"3d564e0a-c339-49d4-b815-a4dddd693d66","actions":[{"actionName":"chassisNumber","payload":{"chassisNumber":"MAT843003P7B04199"}},{"actionName":"vehicleManufacturer","payload":{"vehicleMake":"TATA"}},{"actionName":"cfs","payload":{"cfs":[{"fieldType":"text","fieldKey":"EngineNumber","value":"3.3LNGD05BWX505483","indexedValue":[],"valueType":"string","definitionId":null}]}}]}
Vehicle Updated Successfully
Executing Vehicle UP65GT1224
{"partnerUUID":"39c84520-f19d-44cc-ba12-f608eee80630","actions":[{"actionName":"chassisNumber","payload":{"chassisNumber":"MB1A2GCD6JRHV9797"}},{"actionName":"vehicleManufacturer","payload":{"vehicleMake":"Ashokleyland"}},{"actionName":"cfs","payload":{"cfs":[{"fieldType":"text","fieldKey":"EngineNumber","value":"JHEZ402546","indexedValue":[],"valueType":"string","definitionId":null}]}}]}
Vehicle Updated Successfully
Executing Vehicle UP63BT1351
{"partnerUUID":"365bbf43-3985-4739-813c-ea57b040d07b","actions":[{"actionName":"chassisNumber","payload":{"chassisNumber":"MB1A3GCD6NRKW1941"}},{"actionName":"vehicleManufacturer","payload":{"vehicleMake":"Ashokleyland"}},{"actionName":"cfs","payload":{"cfs":[{"fieldType":"text","fieldKey":"EngineNumber","value":"NKEZ405104","indexedValue":[],"valueType":"string","definitionId":null}]}}]}
Vehicle Updated Successfully
Executing Vehicle UP65KT0690
{"partnerUUID":"308f659c-5ef0-4990-89e0-ab9031f31076","actions":[{"actionName":"chassisNumber","payload":{"chassisNumber":"MB1A3GCD9MRLK5274"}},{"actionName":"vehicleManufacturer","payload":{"vehicleMake":"Ashokleyland"}},{"actionName":"cfs","payload":{"cfs":[{"fieldType":"text","fieldKey":"EngineNumber","value":"MLEZ402348","indexedValue":[],"valueType":"string","definitionId":null}]}}]}
Vehicle Updated Successfully
Executing Vehicle UP63BT1350
{"partnerUUID":"30272a36-2dc5-4f7b-af0a-0859ffe3017e","actions":[{"actionName":"chassisNumber","payload":{"chassisNumber":"MB1A3GCDXNRKW3238"}},{"actionName":"vehicleManufacturer","payload":{"vehicleMake":"Ashokleyland"}},{"actionName":"cfs","payload":{"cfs":[{"fieldType":"text","fieldKey":"EngineNumber","value":"NKEZ404911","indexedValue":[],"valueType":"string","definitionId":null}]}}]}
Vehicle Updated Successfully
Executing Vehicle UP65BT0848
{"partnerUUID":"2daf0ee8-fca6-4f77-b565-da595f54dac9","actions":[{"actionName":"chassisNumber","payload":{"chassisNumber":"MC233HRC0AL047225"}},{"actionName":"vehicleManufacturer","payload":{"vehicleMake":"Eicher"}},{"actionName":"cfs","payload":{"cfs":[{"fieldType":"text","fieldKey":"EngineNumber","value":"E483CDAL513837","indexedValue":[],"valueType":"string","definitionId":null}]}}]}
Vehicle Updated Successfully
Executing Vehicle UP65JT0869
{"partnerUUID":"2d7952a9-a74a-455f-aff6-bcf2dc48ed7e","actions":[{"actionName":"chassisNumber","payload":{"chassisNumber":"MB1A3GCD1KREC3582"}},{"actionName":"vehicleManufacturer","payload":{"vehicleMake":"Ashokleyland"}},{"actionName":"cfs","payload":{"cfs":[{"fieldType":"text","fieldKey":"EngineNumber","value":"KEEZ412259","indexedValue":[],"valueType":"string","definitionId":null}]}}]}
Vehicle Updated Successfully
Executing Vehicle UP65JT1165
{"partnerUUID":"2cb68f41-ea40-46a5-979e-bc54976feb2b","actions":[{"actionName":"chassisNumber","payload":{"chassisNumber":"MB1A3EHD2KPCK5929"}},{"actionName":"vehicleManufacturer","payload":{"vehicleMake":"Ashokleyland"}},{"actionName":"cfs","payload":{"cfs":[{"fieldType":"text","fieldKey":"EngineNumber","value":"KCPZ128659","indexedValue":[],"valueType":"string","definitionId":null}]}}]}
Vehicle Updated Successfully
Executing Vehicle UP63BT1280
{"partnerUUID":"2b83c772-3cb9-4ed3-b463-a3e529995590","actions":[{"actionName":"chassisNumber","payload":{"chassisNumber":"MB1A3GCDXNRKW0971"}},{"actionName":"vehicleManufacturer","payload":{"vehicleMake":"Ashokleyland"}},{"actionName":"cfs","payload":{"cfs":[{"fieldType":"text","fieldKey":"EngineNumber","value":"NKEZ404468","indexedValue":[],"valueType":"string","definitionId":null}]}}]}
Vehicle Updated Successfully
Executing Vehicle UP65AT9131
{"partnerUUID":"2ad6e3cc-077d-4524-a02b-da905b0754b7","actions":[{"actionName":"chassisNumber","payload":{"chassisNumber":"MC233HRC0AK45668"}},{"actionName":"vehicleManufacturer","payload":{"vehicleMake":"Eicher"}},{"actionName":"cfs","payload":{"cfs":[{"fieldType":"text","fieldKey":"EngineNumber","value":"E483CDAK509611","indexedValue":[],"valueType":"string","definitionId":null}]}}]}
Vehicle Updated Successfully
Executing Vehicle UP65GT1226
{"partnerUUID":"2a9b3130-6995-41d8-8019-c18af0b187a0","actions":[{"actionName":"chassisNumber","payload":{"chassisNumber":"MB1A2GCD6JRGW1546"}},{"actionName":"vehicleManufacturer","payload":{"vehicleMake":"Ashokleyland"}},{"actionName":"cfs","payload":{"cfs":[{"fieldType":"text","fieldKey":"EngineNumber","value":"JGEZ201086","indexedValue":[],"valueType":"string","definitionId":null}]}}]}
Vehicle Updated Successfully
Executing Vehicle UP65MT0160
{"partnerUUID":"2a7d221a-4d09-4484-aba4-f0d09408d213","actions":[{"actionName":"chassisNumber","payload":{"chassisNumber":"MAT843003P7B04290"}},{"actionName":"vehicleManufacturer","payload":{"vehicleMake":"TATA"}},{"actionName":"cfs","payload":{"cfs":[{"fieldType":"text","fieldKey":"EngineNumber","value":"3.3LNGD05BWX505890","indexedValue":[],"valueType":"string","definitionId":null}]}}]}
Vehicle Updated Successfully
Executing Vehicle UP63BT1349
{"partnerUUID":"29e525bc-a42b-42a6-a7c1-06f1cb622eae","actions":[{"actionName":"chassisNumber","payload":{"chassisNumber":"MB1A3GCD0NRKW2860"}},{"actionName":"vehicleManufacturer","payload":{"vehicleMake":"Ashokleyland"}},{"actionName":"cfs","payload":{"cfs":[{"fieldType":"text","fieldKey":"EngineNumber","value":"NLEZ404154","indexedValue":[],"valueType":"string","definitionId":null}]}}]}
Vehicle Updated Successfully
Executing Vehicle UP65JT4551
{"partnerUUID":"28d1d0d9-b980-4431-a467-0e037c572a8e","actions":[{"actionName":"chassisNumber","payload":{"chassisNumber":"MB1A3GCD1KRCD0249"}},{"actionName":"vehicleManufacturer","payload":{"vehicleMake":"Ashokleyland"}},{"actionName":"cfs","payload":{"cfs":[{"fieldType":"text","fieldKey":"EngineNumber","value":"KDHZ408167","indexedValue":[],"valueType":"string","definitionId":null}]}}]}
Vehicle Updated Successfully
Executing Vehicle UP65GT3975
{"partnerUUID":"2802889a-9106-462a-9b3d-89782e6dcbca","actions":[{"actionName":"chassisNumber","payload":{"chassisNumber":"MB1A2GCD1JREX2190"}},{"actionName":"vehicleManufacturer","payload":{"vehicleMake":"Ashokleyland"}},{"actionName":"cfs","payload":{"cfs":[{"fieldType":"text","fieldKey":"EngineNumber","value":"JEEZ412788","indexedValue":[],"valueType":"string","definitionId":null}]}}]}
Vehicle Updated Successfully
Executing Vehicle UP65KT0693
{"partnerUUID":"27a42b55-40f9-44d9-ae13-1ef9a7d52710","actions":[{"actionName":"chassisNumber","payload":{"chassisNumber":"MB1A3GCD0MRLK4773"}},{"actionName":"vehicleManufacturer","payload":{"vehicleMake":"Ashokleyland"}},{"actionName":"cfs","payload":{"cfs":[{"fieldType":"text","fieldKey":"EngineNumber","value":"MLEZ402284","indexedValue":[],"valueType":"string","definitionId":null}]}}]}
Vehicle Updated Successfully
Executing Vehicle UP65BT0849
{"partnerUUID":"2702fdb5-b131-482c-bdc8-f333b97e8e7a","actions":[{"actionName":"chassisNumber","payload":{"chassisNumber":"MC233HRC0AL047223"}},{"actionName":"vehicleManufacturer","payload":{"vehicleMake":"Eicher"}},{"actionName":"cfs","payload":{"cfs":[{"fieldType":"text","fieldKey":"EngineNumber","value":"E483CDAL513845","indexedValue":[],"valueType":"string","definitionId":null}]}}]}
Vehicle Updated Successfully
Executing Vehicle UP65JT1081
{"partnerUUID":"26280729-dd0b-444e-8545-dd022aaaceef","actions":[{"actionName":"chassisNumber","payload":{"chassisNumber":"MB1A3GCD0KREC5839"}},{"actionName":"vehicleManufacturer","payload":{"vehicleMake":"Ashokleyland"}},{"actionName":"cfs","payload":{"cfs":[{"fieldType":"text","fieldKey":"EngineNumber","value":"KEHZ404790","indexedValue":[],"valueType":"string","definitionId":null}]}}]}
Vehicle Updated Successfully
Executing Vehicle UP65BT0847
{"partnerUUID":"23f56acc-137e-4512-aa9f-efc959d9b4ba","actions":[{"actionName":"chassisNumber","payload":{"chassisNumber":"MC233HRC0AL047222"}},{"actionName":"vehicleManufacturer","payload":{"vehicleMake":"Eicher"}},{"actionName":"cfs","payload":{"cfs":[{"fieldType":"text","fieldKey":"EngineNumber","value":"E483CDAL513848","indexedValue":[],"valueType":"string","definitionId":null}]}}]}
Vehicle Updated Successfully
Executing Vehicle UP65JT1209
{"partnerUUID":"205c1f78-8d92-4b89-bc37-9407daaa74ed","actions":[{"actionName":"chassisNumber","payload":{"chassisNumber":"MB1A3GCD7KRDC7682"}},{"actionName":"vehicleManufacturer","payload":{"vehicleMake":"Ashokleyland"}},{"actionName":"cfs","payload":{"cfs":[{"fieldType":"text","fieldKey":"EngineNumber","value":"KDEZ204770","indexedValue":[],"valueType":"string","definitionId":null}]}}]}
Vehicle Updated Successfully
Executing Vehicle UP65AT6697
{"partnerUUID":"1ff2c937-cb15-44bb-bb6c-00d31042c65d","actions":[{"actionName":"chassisNumber","payload":{"chassisNumber":"MC233HRC0AE041917"}},{"actionName":"vehicleManufacturer","payload":{"vehicleMake":"Eicher"}},{"actionName":"cfs","payload":{"cfs":[{"fieldType":"text","fieldKey":"EngineNumber","value":"E483CDAE233730","indexedValue":[],"valueType":"string","definitionId":null}]}}]}
Vehicle Updated Successfully
Executing Vehicle UP65JT1207
{"partnerUUID":"1f1348a8-6f40-47af-b90e-205364c3caa5","actions":[{"actionName":"chassisNumber","payload":{"chassisNumber":"MB1A3GCD5KRDC7955"}},{"actionName":"vehicleManufacturer","payload":{"vehicleMake":"Ashokleyland"}},{"actionName":"cfs","payload":{"cfs":[{"fieldType":"text","fieldKey":"EngineNumber","value":"KEEZ415311","indexedValue":[],"valueType":"string","definitionId":null}]}}]}
Vehicle Updated Successfully
Executing Vehicle UP65LT9784
{"partnerUUID":"1ee8e9a8-cb0f-43b4-84d7-09fc68aba0a6","actions":[{"actionName":"chassisNumber","payload":{"chassisNumber":"MAT843003P7B04013"}},{"actionName":"vehicleManufacturer","payload":{"vehicleMake":"TATA"}},{"actionName":"cfs","payload":{"cfs":[{"fieldType":"text","fieldKey":"EngineNumber","value":"3.3LNGD05BWX505470","indexedValue":[],"valueType":"string","definitionId":null}]}}]}
Vehicle Updated Successfully
Executing Vehicle UP65MT1418
{"partnerUUID":"1e80ac4b-0499-432d-be16-dbb77c12a640","actions":[{"actionName":"chassisNumber","payload":{"chassisNumber":"MAT843003P7C07916"}},{"actionName":"vehicleManufacturer","payload":{"vehicleMake":"TATA"}},{"actionName":"cfs","payload":{"cfs":[{"fieldType":"text","fieldKey":"EngineNumber","value":"3.3LNGD05CWX510326","indexedValue":[],"valueType":"string","definitionId":null}]}}]}
Vehicle Updated Successfully
Executing Vehicle UP65MT1419
{"partnerUUID":"1cb5ea68-f974-4c20-af1f-05f6826ac14d","actions":[{"actionName":"chassisNumber","payload":{"chassisNumber":"MAT843003P7C05822"}},{"actionName":"vehicleManufacturer","payload":{"vehicleMake":"TATA"}},{"actionName":"cfs","payload":{"cfs":[{"fieldType":"text","fieldKey":"EngineNumber","value":"3.3LNGD05BWX507640","indexedValue":[],"valueType":"string","definitionId":null}]}}]}
Vehicle Updated Successfully
Executing Vehicle UP65MT0329
{"partnerUUID":"199fb397-3438-49a3-8ade-a3701b4c5497","actions":[{"actionName":"chassisNumber","payload":{"chassisNumber":"MAT843003P7C05884"}},{"actionName":"vehicleManufacturer","payload":{"vehicleMake":"TATA"}},{"actionName":"cfs","payload":{"cfs":[{"fieldType":"text","fieldKey":"EngineNumber","value":"3.3LNGD05CWX507853","indexedValue":[],"valueType":"string","definitionId":null}]}}]}
Vehicle Updated Successfully
Executing Vehicle UP65AT9947
{"partnerUUID":"14ca2f5a-8274-4604-afdf-67393d6108c7","actions":[{"actionName":"chassisNumber","payload":{"chassisNumber":"MC233HRC0AL047228"}},{"actionName":"vehicleManufacturer","payload":{"vehicleMake":"Eicher"}},{"actionName":"cfs","payload":{"cfs":[{"fieldType":"text","fieldKey":"EngineNumber","value":"E483CDAL513829","indexedValue":[],"valueType":"string","definitionId":null}]}}]}
Vehicle Updated Successfully
Executing Vehicle UP65MT0577
{"partnerUUID":"13b06c1a-1e51-4163-ab49-d40ad134fd82","actions":[{"actionName":"chassisNumber","payload":{"chassisNumber":"MAT843003P7C05802"}},{"actionName":"vehicleManufacturer","payload":{"vehicleMake":"TATA"}},{"actionName":"cfs","payload":{"cfs":[{"fieldType":"text","fieldKey":"EngineNumber","value":"3.3LNGD05CWX507807","indexedValue":[],"valueType":"string","definitionId":null}]}}]}
Vehicle Updated Successfully
Executing Vehicle UP63BT1348
{"partnerUUID":"1223bd0b-b152-4883-8948-cc1a0e844090","actions":[{"actionName":"chassisNumber","payload":{"chassisNumber":"MB1A3GCD8NRKW4095"}},{"actionName":"vehicleManufacturer","payload":{"vehicleMake":"Ashokleyland"}},{"actionName":"cfs","payload":{"cfs":[{"fieldType":"text","fieldKey":"EngineNumber","value":"NKEZ405498","indexedValue":[],"valueType":"string","definitionId":null}]}}]}
Vehicle Updated Successfully
Executing Vehicle UP65MT0580
{"partnerUUID":"0f540fab-d007-4741-b8c2-a8828ff03e26","actions":[{"actionName":"chassisNumber","payload":{"chassisNumber":"MAT843003P7C06278"}},{"actionName":"vehicleManufacturer","payload":{"vehicleMake":"TATA"}},{"actionName":"cfs","payload":{"cfs":[{"fieldType":"text","fieldKey":"EngineNumber","value":"3.3LNGD05CWX508212","indexedValue":[],"valueType":"string","definitionId":null}]}}]}
Vehicle Updated Successfully
Executing Vehicle UP63AT5430
{"partnerUUID":"0df56f31-d8f4-4359-9463-8a3b5467a938","actions":[{"actionName":"chassisNumber","payload":{"chassisNumber":"MB1A2GCD9JRXZ5092"}},{"actionName":"vehicleManufacturer","payload":{"vehicleMake":"Ashokleyland"}},{"actionName":"cfs","payload":{"cfs":[{"fieldType":"text","fieldKey":"EngineNumber","value":"JXEZ433375","indexedValue":[],"valueType":"string","definitionId":null}]}}]}
Vehicle Updated Successfully
Executing Vehicle UP65KT0688
{"partnerUUID":"0bf13aa0-7121-488d-a195-92ca820577d2","actions":[{"actionName":"chassisNumber","payload":{"chassisNumber":"MB1A3GCDXMRLK4439"}},{"actionName":"vehicleManufacturer","payload":{"vehicleMake":"Ashokleyland"}},{"actionName":"cfs","payload":{"cfs":[{"fieldType":"text","fieldKey":"EngineNumber","value":"MLHZ400472","indexedValue":[],"valueType":"string","definitionId":null}]}}]}
Vehicle Updated Successfully
Executing Vehicle UP65AT6684
{"partnerUUID":"0bacc3c0-06cc-43e2-8308-a676e9fb1cd7","actions":[{"actionName":"chassisNumber","payload":{"chassisNumber":"MC233HRC0AE041911"}},{"actionName":"vehicleManufacturer","payload":{"vehicleMake":"Eicher"}},{"actionName":"cfs","payload":{"cfs":[{"fieldType":"text","fieldKey":"EngineNumber","value":"E483CDAE233727","indexedValue":[],"valueType":"string","definitionId":null}]}}]}
Vehicle Updated Successfully
Executing Vehicle UP65BT0846
{"partnerUUID":"0a139221-ef30-46e3-b6de-986ca0b54696","actions":[{"actionName":"chassisNumber","payload":{"chassisNumber":"MC233HRC0AL047224"}},{"actionName":"vehicleManufacturer","payload":{"vehicleMake":"Eicher"}},{"actionName":"cfs","payload":{"cfs":[{"fieldType":"text","fieldKey":"EngineNumber","value":"E483CDAL513846","indexedValue":[],"valueType":"string","definitionId":null}]}}]}
Vehicle Updated Successfully
Executing Vehicle TEST1234
Some Info Missing For TEST1234
engineNumber JBUBTA73548 chassisNo MD2DSPAZZTPA71139 vehManufacture null
{"partnerUUID":"0873ca73-9848-46d3-bd4c-3cf5855ac2e9","actions":[{"actionName":"chassisNumber","payload":{"chassisNumber":"MD2DSPAZZTPA71139"}},{"actionName":"vehicleManufacturer","payload":{"vehicleMake":null}},{"actionName":"cfs","payload":{"cfs":[{"fieldType":"text","fieldKey":"EngineNumber","value":"JBUBTA73548","indexedValue":[],"valueType":"string","definitionId":null}]}}]}
vehicle update Error Vehicle manufacturer is required.
Executing Vehicle UP65KT0364
{"partnerUUID":"07d9fe9a-d351-4a0c-91c9-b1770935994d","actions":[{"actionName":"chassisNumber","payload":{"chassisNumber":"MB1A5EHD8MALL3176"}},{"actionName":"vehicleManufacturer","payload":{"vehicleMake":"Ashokleyland"}},{"actionName":"cfs","payload":{"cfs":[{"fieldType":"text","fieldKey":"EngineNumber","value":"LMPZ109494","indexedValue":[],"valueType":"string","definitionId":null}]}}]}
Vehicle Updated Successfully
Executing Vehicle UP65AT9015
{"partnerUUID":"03cf68f8-63ab-4df5-b487-de4bf2ef3482","actions":[{"actionName":"chassisNumber","payload":{"chassisNumber":"MC233HRC0AK045594"}},{"actionName":"vehicleManufacturer","payload":{"vehicleMake":"Eicher"}},{"actionName":"cfs","payload":{"cfs":[{"fieldType":"text","fieldKey":"EngineNumber","value":"K483CDAK509493","indexedValue":[],"valueType":"string","definitionId":null}]}}]}
Vehicle Updated Successfully
