shipments  40
[
  {
    vehicleNumber: 'DL1GC8506',
    customerCode: 'THAR',
    foNumber: '0000001712',
    trackingLink: 'https://alpha.fretron.com/trip-share/vehicleLocation/consignment?code=rzzvP4Z'
  },
  {
    vehicleNumber: 'WB913548',
    customerCode: '2004356',
    foNumber: '0000000232',
    trackingLink: 'https://alpha.fretron.com/trip-share/vehicleLocation/consignment?code=s9DRhOY'
  },
  {
    vehicleNumber: 'HR74A6816',
    customerCode: '2003651',
    foNumber: '0000014036',
    trackingLink: 'https://alpha.fretron.com/trip-share/vehicleLocation/consignment?code=2T6l5c9'
  },
  {
    vehicleNumber: 'UP16GT4127',
    customerCode: '2007673',
    foNumber: '0000014037',
    trackingLink: 'https://alpha.fretron.com/trip-share/vehicleLocation/consignment?code=vGRgV4B'
  },
  {
    vehicleNumber: 'UP19T3224',
    customerCode: '2006429',
    foNumber: '0000018053',
    trackingLink: 'https://alpha.fretron.com/trip-share/vehicleLocation/consignment?code=yknfRCgT'
  },
  {
    vehicleNumber: 'UP19T3224',
    customerCode: '2008087',
    foNumber: '0000018052',
    trackingLink: 'https://alpha.fretron.com/trip-share/vehicleLocation/consignment?code=BwWWK8Ax'
  },
  {
    vehicleNumber: 'HR58A2337',
    customerCode: 'DROO',
    foNumber: '0000002304',
    trackingLink: 'https://alpha.fretron.com/trip-share/vehicleLocation/consignment?code=urMMiTT'
  },
  {
    vehicleNumber: 'HR739642',
    customerCode: '2000029',
    foNumber: 'F218',
    trackingLink: 'https://alpha.fretron.com/trip-share/vehicleLocation/consignment?code=WyJGsCxUZ'
  },
  {
    vehicleNumber: 'HR739642',
    customerCode: '2007761',
    foNumber: 'F217',
    trackingLink: 'https://alpha.fretron.com/trip-share/vehicleLocation/consignment?code=OxrZXUNmR'
  },
  {
    vehicleNumber: 'UP33BT6334',
    customerCode: '2006150',
    foNumber: '0000026078',
    trackingLink: 'https://alpha.fretron.com/trip-share/vehicleLocation/consignment?code=3QBGGap'
  },
  {
    vehicleNumber: 'BR25G3910',
    customerCode: '2003503',
    foNumber: '0023130623',
    trackingLink: 'https://alpha.fretron.com/trip-share/vehicleLocation/consignment?code=gglGJAH'
  },
  {
    vehicleNumber: 'UP11AT2222',
    customerCode: '2000054',
    foNumber: '0000015194',
    trackingLink: 'https://alpha.fretron.com/trip-share/vehicleLocation/consignment?code=as5ukObJ'
  },
  {
    vehicleNumber: 'UP17AT8709',
    customerCode: '2003060',
    foNumber: '0000026079',
    trackingLink: 'https://alpha.fretron.com/trip-share/vehicleLocation/consignment?code=iKv94y3c'
  },
  {
    vehicleNumber: 'HR74B3986',
    customerCode: '2000607',
    foNumber: '0000004143',
    trackingLink: 'https://alpha.fretron.com/trip-share/vehicleLocation/consignment?code=yuv8vGQ2'
  },
  {
    vehicleNumber: 'HR69E5085',
    customerCode: '2002470',
    foNumber: '',
    trackingLink: 'https://alpha.fretron.com/trip-share/vehicleLocation/consignment?code=tetv8gEt'
  },
  {
    vehicleNumber: 'RJ11GC0866',
    customerCode: 'DGWA',
    foNumber: '0000004141',
    trackingLink: 'https://alpha.fretron.com/trip-share/vehicleLocation/consignment?code=UTcI1Cs'
  },
  {
    vehicleNumber: 'GJ01DY4572',
    customerCode: 'DAHM',
    foNumber: '0000001596',
    trackingLink: 'https://alpha.fretron.com/trip-share/vehicleLocation/consignment?code=Bda00JBn'
  },
  {
    vehicleNumber: 'JH02AK7693',
    customerCode: 'DDHA',
    foNumber: '0000000282',
    trackingLink: 'https://alpha.fretron.com/trip-share/vehicleLocation/consignment?code=XPOqXtvV'
  },
  {
    vehicleNumber: 'BR31A5613',
    customerCode: '2004402',
    foNumber: '0023130622',
    trackingLink: 'https://alpha.fretron.com/trip-share/vehicleLocation/consignment?code=BR4Hz2FLD'
  },
  {
    vehicleNumber: 'HR63C1101',
    customerCode: '2007210',
    foNumber: '0000003996',
    trackingLink: 'https://alpha.fretron.com/trip-share/vehicleLocation/consignment?code=TjL0v86'
  },
  {
    vehicleNumber: 'MP20GB4869',
    customerCode: '2009165',
    foNumber: '0000000554',
    trackingLink: 'https://alpha.fretron.com/trip-share/vehicleLocation/consignment?code=ZNtuIGTF6'
  },
  {
    vehicleNumber: 'UP81ET1816',
    customerCode: '2006533',
    foNumber: '0000027178',
    trackingLink: 'https://alpha.fretron.com/trip-share/vehicleLocation/consignment?code=fBP1oglHO'
  },
  {
    vehicleNumber: 'RJ05GB8681',
    customerCode: '2008518',
    foNumber: '0000027183',
    trackingLink: 'https://alpha.fretron.com/trip-share/vehicleLocation/consignment?code=qKharrR'
  },
  {
    vehicleNumber: 'UP14FT9243',
    customerCode: '2006139',
    foNumber: '0000027184',
    trackingLink: 'https://alpha.fretron.com/trip-share/vehicleLocation/consignment?code=sFRSEnL4'
  },
  {
    vehicleNumber: 'UK17CA7771',
    customerCode: 'UROO',
    foNumber: '0000027181',
    trackingLink: 'https://alpha.fretron.com/trip-share/vehicleLocation/consignment?code=RDfKXO8o'
  },
  {
    vehicleNumber: 'JK08A7837',
    customerCode: '2003239',
    foNumber: '0000003657',
    trackingLink: 'https://alpha.fretron.com/trip-share/vehicleLocation/consignment?code=P0tcTbT5'
  },
  {
    vehicleNumber: 'HP724346',
    customerCode: '2009162',
    foNumber: '0000015193',
    trackingLink: 'https://alpha.fretron.com/trip-share/vehicleLocation/consignment?code=V97UrnMg'
  },
  {
    vehicleNumber: 'HP724346',
    customerCode: '2009162',
    foNumber: '0000015193',
    trackingLink: 'https://alpha.fretron.com/trip-share/vehicleLocation/consignment?code=V97UrnMg'
  },
  {
    vehicleNumber: 'JK08F8312',
    customerCode: '2003239',
    foNumber: '0000003655',
    trackingLink: 'https://alpha.fretron.com/trip-share/vehicleLocation/consignment?code=pjag7yb'
  },
  {
    vehicleNumber: 'UP16JT6019',
    customerCode: '2004751',
    foNumber: '0000026077',
    trackingLink: 'https://alpha.fretron.com/trip-share/vehicleLocation/consignment?code=T6Ge0Dr'
  },
  {
    vehicleNumber: 'JK08J4557',
    customerCode: '2004721',
    foNumber: '0000003777',
    trackingLink: 'https://alpha.fretron.com/trip-share/vehicleLocation/consignment?code=bH3JjCm'
  },
  {
    vehicleNumber: 'KA28AA4771',
    customerCode: '2008562',
    foNumber: '0000000213',
    trackingLink: 'https://alpha.fretron.com/trip-share/vehicleLocation/consignment?code=nWVXzKJ'
  },
  {
    vehicleNumber: 'JK08B8665',
    customerCode: '2003239',
    foNumber: '0000003653',
    trackingLink: 'https://alpha.fretron.com/trip-share/vehicleLocation/consignment?code=53QcmWjm'
  },
  {
    vehicleNumber: 'JH05BH3348',
    customerCode: '2007216',
    foNumber: '0023130621',
    trackingLink: 'https://alpha.fretron.com/trip-share/vehicleLocation/consignment?code=T1YUb8C7'
  },
  {
    vehicleNumber: 'WB25J8283',
    customerCode: '2004893',
    foNumber: '0000000281',
    trackingLink: 'https://alpha.fretron.com/trip-share/vehicleLocation/consignment?code=SvI7zGfP'
  },
  {
    vehicleNumber: 'HR61E9110',
    customerCode: '2008665',
    foNumber: '0000003747',
    trackingLink: 'https://alpha.fretron.com/trip-share/vehicleLocation/consignment?code=JkG3VA0EY'
  },
  {
    vehicleNumber: 'KA16C0570',
    customerCode: '2008289',
    foNumber: '0000012278',
    trackingLink: 'https://alpha.fretron.com/trip-share/vehicleLocation/consignment?code=ZFH9TiA'
  },
  {
    vehicleNumber: 'RJ02GB6830',
    customerCode: '2005898',
    foNumber: '0000026076',
    trackingLink: 'https://alpha.fretron.com/trip-share/vehicleLocation/consignment?code=22ww16Lu'
  },
  {
    vehicleNumber: 'HR55Y2804',
    customerCode: '2006431',
    foNumber: 'F216',
    trackingLink: 'https://alpha.fretron.com/trip-share/vehicleLocation/consignment?code=pmjold0H'
  },
  {
    vehicleNumber: 'MH18AA8310',
    customerCode: '2008772',
    foNumber: '0000000553',
    trackingLink: 'https://alpha.fretron.com/trip-share/vehicleLocation/consignment?code=TsDQSIjB'
  },
  {
    vehicleNumber: 'UP16BT7162',
    customerCode: '2007120',
    foNumber: '0000027048',
    trackingLink: 'https://alpha.fretron.com/trip-share/vehicleLocation/consignment?code=HsKUPj2'
  },
  {
    vehicleNumber: 'KA52B4371',
    customerCode: '2006715',
    foNumber: '0000012277',
    trackingLink: 'https://alpha.fretron.com/trip-share/vehicleLocation/consignment?code=XhcsZ8MW'
  },
  {
    vehicleNumber: 'HR58B1166',
    customerCode: '2007534',
    foNumber: '0000015192',
    trackingLink: 'https://alpha.fretron.com/trip-share/vehicleLocation/consignment?code=Y2BNseR'
  }
]
