shs length 50
Total timelines 3 : imei 9818744604 : from 1690502608827 : till 1690517107000
Total timelines 2 : imei 9560941085 : from 1690485244932 : till 1690500220000
Total timelines 6 : imei 9817492043 : from 1690466412549 : till 1690509366000
Total timelines 10 : imei 7889501055 : from 1690461843916 : till 1690516633000
Total timelines 2 : imei 9653957496 : from 1690457936929 : till 1690458306000
Total timelines 4 : imei 8383094642 : from 1690457950642 : till 1690501513000
Total timelines 4 : imei 9311621564 : from 1690457919557 : till 1690501804000
Total timelines 4 : imei 9934067787 : from 1690454970155 : till 1690513412000
Total timelines 4 : imei 8988767236 : from 1690457360200 : till 1690514785000
Total timelines 2 : imei 9974984728 : from 1690505425351 : till 1690518911000
Total timelines 4 : imei 9456227821 : from 1690442454876 : till 1690450478000
Total timelines 3 : imei 9599050654 : from 1690438197470 : till 1690467603000
Total timelines 6 : imei 8533053515 : from 1690432949984 : till 1690509771000
Total timelines 3 : imei 9319909204 : from 1690434162500 : till 1690452303000
Total timelines 3 : imei 6203688077 : from 1690432929967 : till 1690506306000
Total timelines 5 : imei 9354178395 : from 1690415192662 : till 1690448282000
Total timelines 7 : imei 8073979906 : from 1690375163960 : till 1690430652000
Total timelines 2 : imei 9939099086 : from 1690433669617 : till 1690463106000
caught error in getting distance from timeline- 400 - "Bad Request"
Total timelines 10 : imei 9999517575 : from 1690399141412 : till 1690475141000
Total timelines 1 : imei 9749968803 : from 1690371440579 : till 1690386002000
Total timelines 5 : imei 9970876701 : from 1690390781261 : till 1690438201000
Total timelines 4 : imei 9643532652 : from 1690377193870 : till 1690420395000
Total timelines 5 : imei 9599382968 : from 1690406086176 : till 1690438803000
Total timelines 2 : imei 9939099086 : from 1690335346731 : till 1690350003000
Total timelines 2 : imei 7834964116 : from 1690375993606 : till 1690391723000
Total timelines 4 : imei 9876853313 : from 1690301157776 : till 1690359908000
Total timelines 7 : imei 7830168102 : from 1690330773447 : till 1690421403000
Total timelines 4 : imei 9934067787 : from 1690368975968 : till 1690412632000
Total timelines 4 : imei 9653957496 : from 1690402253607 : till 1690416912000
Total timelines 2 : imei 8218429381 : from 1690325460493 : till 1690330184000
Total timelines 2 : imei 8851130518 : from 1690330354397 : till 1690392429000
Total timelines 5 : imei 9456227821 : from 1690321057470 : till 1690346469000
Total timelines 2 : imei 9304211172 : from 1690389615675 : till 1690418506000
Total timelines 11 : imei 6006246481 : from 1690292789423 : till 1690346463000
Total timelines 3 : imei 8505845055 : from 1690286580970 : till 1690358857000
Total timelines 3 : imei 8505845055 : from 1690286580970 : till 1690358857000
Total timelines 3 : imei 8505845055 : from 1690286580970 : till 1690358857000
Total timelines 4 : imei 9601253274 : from 1690281728646 : till 1690341607000
Total timelines 4 : imei 9934067787 : from 1690283032510 : till 1690341004000
Total timelines 9 : imei 8073979906 : from 1690270621523 : till 1690341711000
Total timelines 4 : imei 9931965395 : from 1690264786789 : till 1690338109000
Total timelines 4 : imei 9931965395 : from 1690264786789 : till 1690338109000
Total timelines 7 : imei 7518308368 : from 1690217152738 : till 1690335905000
Total timelines 2 : imei 8851130518 : from 1690266844972 : till 1690274820000
Total timelines 4 : imei 9693475530 : from 1690265867219 : till 1690294149000
Total timelines 5 : imei 9319909204 : from 1690287257666 : till 1690344004000
Total timelines 4 : imei 9818744604 : from 1690390581629 : till 1690421114000
Total timelines 2 : imei 8218429381 : from 1690260870662 : till 1690274051000
Total timelines 2 : imei 9939099086 : from 1690236406994 : till 1690251003000
Total timelines 2 : imei 7834964116 : from 1690239597150 : till 1690254009000
Total timelines 3 : imei 9816231057 : from 1690209600917 : till 1690253704000
Total timelines 4 : imei 7678565252 : from 1690203386573 : till 1690247265000
[
  {
    vehicleNumber: 'DL1GC8179',
    customerCode: 'THAR',
    foNumber: 'b2b89ca94c4f8da97dec79a80821f42e670c6a7c361b0c317d8a2aa2d37530c9',
    totalTravelTime: 14498173,
    totalDistance: 13.51,
    deliveryDate: '28-07-2023',
    deliveryTime: '09:07:00'
  },
  {
    vehicleNumber: 'UP16BT7162',
    customerCode: '2008223',
    foNumber: '5056fded02efc063c81fc8d7f46b086c4e0af8286e58c26eb8d083bd69620621',
    totalTravelTime: 14975068,
    totalDistance: 8.46,
    deliveryDate: '28-07-2023',
    deliveryTime: '04:07:00'
  },
  {
    vehicleNumber: 'HR66B0476',
    customerCode: '2002108',
    foNumber: 'f2c1f0d73040d17fe2202f38d3d30bf77639fc60200e34289aa1a51c38a0f00e',
    totalTravelTime: 42953451,
    totalDistance: 84.55,
    deliveryDate: '28-07-2023',
    deliveryTime: '07:07:00'
  },
  {
    vehicleNumber: 'JK08K8361',
    customerCode: '2005041',
    foNumber: '5e2f3cb97c604319e6bb8cf9d3ded217569a309772684763f775b22b8575873e',
    totalTravelTime: 54789084,
    totalDistance: 215.93,
    deliveryDate: '28-07-2023',
    deliveryTime: '09:07:00'
  },
  {
    vehicleNumber: 'DL01M9185',
    customerCode: '2005766',
    foNumber: 'c19fd392d2e5fb102c661e525c181564794b310819a9a1da8a78161ecf9ddc85',
    totalTravelTime: 369071,
    totalDistance: 0.08,
    deliveryDate: '27-07-2023',
    deliveryTime: '17:07:00'
  },
  {
    vehicleNumber: 'HR55T8418',
    customerCode: '2008230',
    foNumber: 'c8ba81255a576c5ea48cc9fddcb40d53e708110ff9569ba94a20fb6369d2ec9c',
    totalTravelTime: 43562358,
    totalDistance: 12.62,
    deliveryDate: '28-07-2023',
    deliveryTime: '05:07:00'
  },
  {
    vehicleNumber: 'HR38S8598',
    customerCode: '2007839',
    foNumber: '6d18dd19650200bbcc2804bfe69f29d9bcb1cd0f74cb323b0741863f2c7707ac',
    totalTravelTime: 43884443,
    totalDistance: 32.05,
    deliveryDate: '28-07-2023',
    deliveryTime: '05:07:00'
  },
  {
    vehicleNumber: 'DL1LW1086',
    customerCode: '2005453',
    foNumber: 'bd4efa4eaee10cb68d4283d796567594f64f57dced39970dd4c77488bc34cce2',
    totalTravelTime: 58441845,
    totalDistance: 17.93,
    deliveryDate: '28-07-2023',
    deliveryTime: '08:07:00'
  },
  {
    vehicleNumber: 'UP11BT8444',
    customerCode: '2003290',
    foNumber: 'ca6969f2c4a78ed68f33cf74b6a70f54b90f3bdb27115379bb299aec1d22562c',
    totalTravelTime: 57424800,
    totalDistance: 223.36,
    deliveryDate: '28-07-2023',
    deliveryTime: '08:07:00'
  },
  {
    vehicleNumber: 'DD01F9146',
    customerCode: '2002166',
    foNumber: 'da2ba04d18e176a50d4ef0036a0cde13b972c140bb741d0a9f5923e5d3c4ac2a',
    totalTravelTime: 13485649,
    totalDistance: 35.38,
    deliveryDate: '28-07-2023',
    deliveryTime: '10:07:00'
  },
  {
    vehicleNumber: 'UP14KT9532',
    customerCode: '2007803',
    foNumber: '1ed494709a1a1e57f5f1e5ea29888fb08b39f745ec1a1c7b82a677f9bfd2aa4e',
    totalTravelTime: 8023124,
    totalDistance: 35.41,
    deliveryDate: '27-07-2023',
    deliveryTime: '15:07:00'
  },
  {
    vehicleNumber: 'HR55W4083',
    customerCode: '2006236',
    foNumber: '106fa0fb58705e970890fb9a223c8df7226d50d88554559ec08761789ef9a925',
    totalTravelTime: 29405530,
    totalDistance: 20.53,
    deliveryDate: '27-07-2023',
    deliveryTime: '19:07:00'
  },
  {
    vehicleNumber: 'UK08CA5565',
    customerCode: '2000319',
    foNumber: 'd6c3fa1d52ebd12dea09cdb3e0e35789051fdd7bf7dd4bdd1422e58ab3777c0d',
    totalTravelTime: 76821016,
    totalDistance: 64.69,
    deliveryDate: '28-07-2023',
    deliveryTime: '07:07:00'
  },
  {
    vehicleNumber: 'DL1LAC 9638',
    customerCode: '2007210',
    foNumber: '644aa94676587c6dbec1d15c5bd0c2e836eade12af4f6c9de4dd23d6d160fd3d',
    totalTravelTime: 18140500,
    totalDistance: 22.48,
    deliveryDate: '27-07-2023',
    deliveryTime: '15:07:00'
  },
  {
    vehicleNumber: 'DL1LAA 7908',
    customerCode: '2006777',
    foNumber: '373b12f10bb43731811069331f2bad61b7295020f7df60c8dcfc06b49ad2b23d',
    totalTravelTime: 73376033,
    totalDistance: 12.83,
    deliveryDate: '28-07-2023',
    deliveryTime: '06:07:00'
  },
  {
    vehicleNumber: 'DL1LAJ5327',
    customerCode: '2007337',
    foNumber: '426b4db0502a23d8793a9cafc6dcf74f48bd2f4d69f169db5dc1a0cb7dbb77ef',
    totalTravelTime: 33089338,
    totalDistance: 31.36,
    deliveryDate: '27-07-2023',
    deliveryTime: '14:07:00'
  },
  {
    vehicleNumber: 'KA28AA4771',
    customerCode: '2007777',
    foNumber: 'b3245aec1c01ec7a64be204da060543873ccc4179b4b356a1be1433b040eebf3',
    totalTravelTime: 55488040,
    totalDistance: 193.68,
    deliveryDate: '27-07-2023',
    deliveryTime: '09:07:00'
  },
  {
    vehicleNumber: 'DL1MA4400',
    customerCode: '2006531',
    foNumber: 'afe201abdd8c3f479662084850176093fc5c9005b768f48e650f3c15205344de',
    totalTravelTime: 29436383,
    totalDistance: 5.49,
    deliveryDate: '27-07-2023',
    deliveryTime: '18:07:00'
  },
  {
    vehicleNumber: 'HR66B0476',
    customerCode: '2008884',
    foNumber: '3f9eacf2f46d0767eec69cfc72e9f9bd054bb22cdb5ee8e5d83d7e04fb407931',
    totalTravelTime: -1690391310449,
    totalDistance: 0,
    deliveryDate: 'Invalid date',
    deliveryTime: 'Invalid date'
  },
  {
    vehicleNumber: 'UP16BT5922',
    customerCode: '2002692',
    foNumber: 'c6b2c0144db8793ef73b54f4889c41cb679e8a631ffe28616d7b98f39baed6b5',
    totalTravelTime: 75999588,
    totalDistance: 58.72,
    deliveryDate: '27-07-2023',
    deliveryTime: '21:07:00'
  },
  {
    vehicleNumber: 'WB29A8191',
    customerCode: '2006677',
    foNumber: '9c38d446b8f127461c6f457252afafa27504b12ed17ffa149ec8107f9409da2e',
    totalTravelTime: 14561421,
    totalDistance: 0,
    deliveryDate: '26-07-2023',
    deliveryTime: '21:07:00'
  },
  {
    vehicleNumber: 'MH12FC7839',
    customerCode: '2005619',
    foNumber: '2deba3fe4d03ecc9f97c0ac9708df6c7ec38445566f601b8d2e0a7039e0d89e3',
    totalTravelTime: 47419739,
    totalDistance: 211.82,
    deliveryDate: '27-07-2023',
    deliveryTime: '11:07:00'
  },
  {
    vehicleNumber: 'DL01LAE8783',
    customerCode: '2006724',
    foNumber: 'ee188202b84aecb5e6890597de1c5b59cf6414f7cbcb8269c243c6bc2c6890ac',
    totalTravelTime: 43201130,
    totalDistance: 27.23,
    deliveryDate: '27-07-2023',
    deliveryTime: '06:07:00'
  },
  {
    vehicleNumber: 'UP14ET9882',
    customerCode: '2001026',
    foNumber: 'acd0d4fa1bec3df7d3d7961e4f0812c302a2db680ef36fd26219391104b86e1e',
    totalTravelTime: 32716824,
    totalDistance: 225.44,
    deliveryDate: '27-07-2023',
    deliveryTime: '11:07:00'
  },
  {
    vehicleNumber: 'DL1MA4400',
    customerCode: 'THAR',
    foNumber: '556510a3c7674be559a37c59ee47a9aeafc9040ce3c600f19802628c574ebcd8',
    totalTravelTime: 14656269,
    totalDistance: 0.88,
    deliveryDate: '26-07-2023',
    deliveryTime: '11:07:00'
  },
  {
    vehicleNumber: 'DL1GC8506',
    customerCode: 'THAR',
    foNumber: '3e7b37de0112cdab1a30fc518a8fde9837ae69422007d876e36b68f91fde02b8',
    totalTravelTime: 15729394,
    totalDistance: 2.39,
    deliveryDate: '26-07-2023',
    deliveryTime: '22:07:00'
  },
  {
    vehicleNumber: 'PB08BW9413',
    customerCode: '2002111',
    foNumber: 'cf2c56ff037e013929388dd4b1b0ea335bd238dcef72b2cfe5dfa93ebf45ba66',
    totalTravelTime: 58750224,
    totalDistance: 226.64,
    deliveryDate: '26-07-2023',
    deliveryTime: '13:07:00'
  },
  {
    vehicleNumber: 'UP22T5611',
    customerCode: '2006452',
    foNumber: '3911324f4a7b18c1f089a933c4f2c16c79dcae686437b3be15dc747e1296fa9c',
    totalTravelTime: 90629553,
    totalDistance: 200.93,
    deliveryDate: '27-07-2023',
    deliveryTime: '07:07:00'
  },
  {
    vehicleNumber: 'DL1LW1086',
    customerCode: '2001334',
    foNumber: 'f5d6ecfd1201f28ea332c9cdd131d98ca5cad8c745908e85af7fd4e693e486f9',
    totalTravelTime: 43656032,
    totalDistance: 46.77,
    deliveryDate: '27-07-2023',
    deliveryTime: '04:07:00'
  },
  {
    vehicleNumber: 'DL01M9185',
    customerCode: '2007116',
    foNumber: 'f237b65c5d1a565fa85492d1c30fe2cad4376d91e793f50f347800f7e62df0c1',
    totalTravelTime: 14658393,
    totalDistance: 22.85,
    deliveryDate: '27-07-2023',
    deliveryTime: '05:07:00'
  },
  {
    vehicleNumber: 'DL1GE1753',
    customerCode: 'THAR',
    foNumber: '4adc9073639f75115106a134b3ac60dd60c8b468dc52a9269251e463b5be9625',
    totalTravelTime: 4723507,
    totalDistance: 6.48,
    deliveryDate: '26-07-2023',
    deliveryTime: '05:07:00'
  },
  {
    vehicleNumber: 'DL1LAF8894',
    customerCode: '2001230',
    foNumber: '37f40cf5837052f5721c3da544fbee308bcec2f69e97139167d810241157d2d8',
    totalTravelTime: 62074603,
    totalDistance: 7.33,
    deliveryDate: '26-07-2023',
    deliveryTime: '22:07:00'
  },
  {
    vehicleNumber: 'UP14KT9532',
    customerCode: '2009174',
    foNumber: 'f6b33006f6e5ecbc5f5c216f980605a7f920c92b529e387fbb9b5d654ef129da',
    totalTravelTime: 25411530,
    totalDistance: 38.92,
    deliveryDate: '26-07-2023',
    deliveryTime: '10:07:00'
  },
  {
    vehicleNumber: 'DL1GC8791',
    customerCode: 'DMUR',
    foNumber: 'ac9752b8aa4d71884268eb2bcc90b72b4258beeab50a147b764eebf0b4efba8d',
    totalTravelTime: 28890325,
    totalDistance: 70.2,
    deliveryDate: '27-07-2023',
    deliveryTime: '06:07:00'
  },
  {
    vehicleNumber: 'JK21F5344',
    customerCode: '2002624',
    foNumber: '33cd7e11a0beae03d2063c88c78b0d64eccc119d65ac0bce20954552d408c1e4',
    totalTravelTime: 53673577,
    totalDistance: 140.18,
    deliveryDate: '26-07-2023',
    deliveryTime: '10:07:00'
  },
  {
    vehicleNumber: 'DL01LR4612',
    customerCode: '3000506',
    foNumber: 'c4cc5d7a09631e64dfa815ed279ee40b106ae496b93b2e72f64ca3197b20b183',
    totalTravelTime: 72276030,
    totalDistance: 17.29,
    deliveryDate: '26-07-2023',
    deliveryTime: '13:07:00'
  },
  {
    vehicleNumber: 'DL01LR4612',
    customerCode: '3000506',
    foNumber: 'c4cc5d7a09631e64dfa815ed279ee40b106ae496b93b2e72f64ca3197b20b183',
    totalTravelTime: 72276030,
    totalDistance: 17.29,
    deliveryDate: '26-07-2023',
    deliveryTime: '13:07:00'
  },
  {
    vehicleNumber: 'DL01LR4612',
    customerCode: '3000506',
    foNumber: 'c4cc5d7a09631e64dfa815ed279ee40b106ae496b93b2e72f64ca3197b20b183',
    totalTravelTime: 72276030,
    totalDistance: 17.29,
    deliveryDate: '26-07-2023',
    deliveryTime: '13:07:00'
  },
  {
    vehicleNumber: 'GJ27TD3704',
    customerCode: '2009200',
    foNumber: 'fd71094c0de6283f8a87537dd679dfdf5e5a0c3dac13e287e9252d7eb1baa059',
    totalTravelTime: 59878354,
    totalDistance: 167.72,
    deliveryDate: '26-07-2023',
    deliveryTime: '08:07:00'
  },
  {
    vehicleNumber: 'DL1LW1086',
    customerCode: '2002895',
    foNumber: 'a93f230806e054f35b6e3a818ea1767393930e460537ce64910a454a63911f0e',
    totalTravelTime: 57971490,
    totalDistance: 27.36,
    deliveryDate: '26-07-2023',
    deliveryTime: '08:07:00'
  },
  {
    vehicleNumber: 'KA28AA4771',
    customerCode: '2006786',
    foNumber: 'ace1e0bbb1a1f374937fa7052bc6dedaca2746bdd8144ff9fb09564513e65e5d',
    totalTravelTime: 71089477,
    totalDistance: 243.33,
    deliveryDate: '26-07-2023',
    deliveryTime: '08:07:00'
  },
  {
    vehicleNumber: 'JH01EJ0949',
    customerCode: '3000012',
    foNumber: 'caf34fa1f0b5f0a2c0209254ebac052c0b9974a1e5a7adf0442750465316604d',
    totalTravelTime: 73322211,
    totalDistance: 209.47,
    deliveryDate: '26-07-2023',
    deliveryTime: '07:07:00'
  },
  {
    vehicleNumber: 'JH01EJ0949',
    customerCode: '3000012',
    foNumber: 'caf34fa1f0b5f0a2c0209254ebac052c0b9974a1e5a7adf0442750465316604d',
    totalTravelTime: 73322211,
    totalDistance: 209.47,
    deliveryDate: '26-07-2023',
    deliveryTime: '07:07:00'
  },
  {
    vehicleNumber: 'UP44BT2597',
    customerCode: '2006607',
    foNumber: '5ae6f97316d7210cc9b66b1443822a41aea70b4c2c8183ca51e92bd7de36bac7',
    totalTravelTime: 118752262,
    totalDistance: 519.73,
    deliveryDate: '26-07-2023',
    deliveryTime: '07:07:00'
  },
  {
    vehicleNumber: 'DL1LAF8894',
    customerCode: '2007652',
    foNumber: 'ec2314778bfaaf2213e764d18abf9802a27b566806a5a0541c48d46fa341a220',
    totalTravelTime: 7975028,
    totalDistance: 21.33,
    deliveryDate: '25-07-2023',
    deliveryTime: '14:07:00'
  },
  {
    vehicleNumber: 'DL1LAJ5319',
    customerCode: '2004607',
    foNumber: '9256958f34f20a5825a3297af1a1c134f9e2d26d2b2113dc094f12839161c43d',
    totalTravelTime: 28281781,
    totalDistance: 51.85,
    deliveryDate: '25-07-2023',
    deliveryTime: '19:07:00'
  },
  {
    vehicleNumber: 'DL1LAC 9638',
    customerCode: '2004384',
    foNumber: '23f1b22abfb615fb345b3e18c9aa3f6774b1c98df0b85d1346b8ac285d2fea57',
    totalTravelTime: 56746334,
    totalDistance: 34.99,
    deliveryDate: '26-07-2023',
    deliveryTime: '09:07:00'
  },
  {
    vehicleNumber: 'DL1GC8179',
    customerCode: '2007013',
    foNumber: 'eba85385dcf09991176a6cb329f8e93b267be3ba5d134d6431d75b90fd695d6e',
    totalTravelTime: 30532371,
    totalDistance: 21.74,
    deliveryDate: '27-07-2023',
    deliveryTime: '06:07:00'
  },
  {
    vehicleNumber: 'DL1GE1753',
    customerCode: '2002462',
    foNumber: '2db91949a17991162a7155448d1780e6f85370523a15c148daccc1b933032aac',
    totalTravelTime: 13180338,
    totalDistance: 23.43,
    deliveryDate: '25-07-2023',
    deliveryTime: '14:07:00'
  },
  {
    vehicleNumber: 'DL1MA4400',
    customerCode: '2008730',
    foNumber: 'dac5a14a829e7a5de58d84b4a113127dd65cdf93db6babf4282d8b98db7c5fe4',
    totalTravelTime: 14596006,
    totalDistance: 2.31,
    deliveryDate: '25-07-2023',
    deliveryTime: '07:07:00'
  },
  {
    vehicleNumber: 'DL1GC8506',
    customerCode: '2006988',
    foNumber: '699b10fee04b4178bab210ceb58170c7fff50366bac5251a6b07b51bf9ede2f9',
    totalTravelTime: 14411850,
    totalDistance: 1.95,
    deliveryDate: '25-07-2023',
    deliveryTime: '08:07:00'
  },
  {
    vehicleNumber: 'HP72B0972',
    customerCode: '2000114',
    foNumber: '536ca494cbfb09b430951ae5f46549e4c4f4f5be2c105c903453e417e191dd2f',
    totalTravelTime: 44103083,
    totalDistance: 97.5,
    deliveryDate: '25-07-2023',
    deliveryTime: '08:07:00'
  },
  {
    vehicleNumber: 'HR66C9046',
    customerCode: '2005336',
    foNumber: 'e868d2c60e5844c3f48fbbfea1d4fddb105b9cfcdd31311eaf371433639b2b64',
    totalTravelTime: 43878427,
    totalDistance: 72.82,
    deliveryDate: '25-07-2023',
    deliveryTime: '06:07:00'
  }
]
